2012/09/26 10:21:14 Starting cygwin install, version 2.573.2.3
2012/09/26 10:21:14 io_stream_cygfile: fopen(/etc/setup/last-action) failed 2 No such file or directory
2012/09/26 10:21:14 io_stream_cygfile: fopen(/etc/setup/last-mirror) failed 2 No such file or directory
2012/09/26 10:21:14 io_stream_cygfile: fopen(/etc/setup/last-connection) failed 2 No such file or directory
2012/09/26 10:21:14 io_stream_cygfile: fopen(/etc/setup/last-cache) failed 2 No such file or directory
2012/09/26 10:21:14 io_stream_cygfile: fopen(/etc/setup/last-extrakeys) failed 2 No such file or directory
2012/09/26 10:21:14 Current Directory: Z:\program\cygwin
2012/09/26 10:21:14 Changing gid to Users
2012/09/26 10:21:14 Could not open service McShield for query, start and stop. McAfee may not be installed, or we don't have access.
2012/09/26 10:21:19 io_stream_cygfile: fopen(/etc/setup/installed.db) failed 2 No such file or directory
2012/09/26 10:21:20 source: from cwd
2012/09/26 10:21:24 root: z:/program/cygwin binary system
2012/09/26 10:21:27 io_stream_cygfile: fopen(/etc/setup/last-cache) failed 2 No such file or directory
2012/09/26 10:21:27 Selected local directory: Z:\program\cygwin
2012/09/26 10:21:35 io_stream_cygfile: fopen(/etc/setup/timestamp) failed 2 No such file or directory
2012/09/26 10:22:12 Installing file://Z:\program\cygwin/http%3a%2f%2fwww.cygwin.cn%2fpub%2f/release/aalib/aalib-devel/aalib-devel-1.4rc5-2.tar.bz2
2012/09/26 10:22:12 Installing file://Z:\program\cygwin/http%3a%2f%2fwww.cygwin.cn%2fpub%2f/release/alternatives/alternatives-1.3.30c-2.tar.bz2
2012/09/26 10:22:13 Installing file://Z:\program\cygwin/http%3a%2f%2fwww.cygwin.cn%2fpub%2f/release/apache2/apache2-2.2.6-1.tar.bz2
2012/09/26 10:22:16 Installing file://Z:\program\cygwin/http%3a%2f%2fwww.cygwin.cn%2fpub%2f/release/_obsolete/apr1/apr1-1.3.3-1.tar.bz2
2012/09/26 10:22:16 Installing file://Z:\program\cygwin/http%3a%2f%2fwww.cygwin.cn%2fpub%2f/release/_obsolete/aprutil1/aprutil1-1.3.4-1.tar.bz2
2012/09/26 10:22:16 Installing file://Z:\program\cygwin/http%3a%2f%2fwww.cygwin.cn%2fpub%2f/release/asciidoc/asciidoc-8.2.7-1.tar.bz2
2012/09/26 10:22:16 Installing file://Z:\program\cygwin/http%3a%2f%2fwww.cygwin.cn%2fpub%2f/release/ash/ash-20040127-4.tar.bz2
2012/09/26 10:22:16 Installing file://Z:\program\cygwin/http%3a%2f%2fwww.cygwin.cn%2fpub%2f/release/astyle/astyle-1.22-1.tar.bz2
2012/09/26 10:22:16 Installing file://Z:\program\cygwin/http%3a%2f%2fwww.cygwin.cn%2fpub%2f/release/GNOME/atk/atk-1.10.3-1.tar.bz2
2012/09/26 10:22:17 Installing file://Z:\program\cygwin/http%3a%2f%2fwww.cygwin.cn%2fpub%2f/release/GNOME/atk/atk-runtime/atk-runtime-1.10.3-1.tar.bz2
2012/09/26 10:22:17 Installing file://Z:\program\cygwin/http%3a%2f%2fwww.cygwin.cn%2fpub%2f/release/autoconf/autoconf-4-1.tar.bz2
2012/09/26 10:22:17 Installing file://Z:\program\cygwin/http%3a%2f%2fwww.cygwin.cn%2fpub%2f/release/autoconf/autoconf2.1/autoconf2.1-2.13-3.tar.bz2
2012/09/26 10:22:18 Installing file://Z:\program\cygwin/http%3a%2f%2fwww.cygwin.cn%2fpub%2f/release/autoconf/autoconf2.5/autoconf2.5-2.61-1.tar.bz2
2012/09/26 10:22:18 Installing file://Z:\program\cygwin/http%3a%2f%2fwww.cygwin.cn%2fpub%2f/release/automake/automake-2-1.tar.bz2
2012/09/26 10:22:18 Installing file://Z:\program\cygwin/http%3a%2f%2fwww.cygwin.cn%2fpub%2f/release/automake/automake1.10/automake1.10-1.10.1-1.tar.bz2
2012/09/26 10:22:19 Installing file://Z:\program\cygwin/http%3a%2f%2fwww.cygwin.cn%2fpub%2f/release/automake/automake1.4/automake1.4-1.4p6-4.tar.bz2
2012/09/26 10:22:20 Installing file://Z:\program\cygwin/http%3a%2f%2fwww.cygwin.cn%2fpub%2f/release/automake/automake1.5/automake1.5-1.5-2.tar.bz2
2012/09/26 10:22:21 Installing file://Z:\program\cygwin/http%3a%2f%2fwww.cygwin.cn%2fpub%2f/release/automake/automake1.6/automake1.6-1.6.3-3.tar.bz2
2012/09/26 10:22:21 Installing file://Z:\program\cygwin/http%3a%2f%2fwww.cygwin.cn%2fpub%2f/release/automake/automake1.7/automake1.7-1.7.9-3.tar.bz2
2012/09/26 10:22:22 Installing file://Z:\program\cygwin/http%3a%2f%2fwww.cygwin.cn%2fpub%2f/release/automake/automake1.8/automake1.8-1.8.5-3.tar.bz2
2012/09/26 10:22:23 Installing file://Z:\program\cygwin/http%3a%2f%2fwww.cygwin.cn%2fpub%2f/release/automake/automake1.9/automake1.9-1.9.6-2.tar.bz2
2012/09/26 10:22:24 Installing file://Z:\program\cygwin/http%3a%2f%2fwww.cygwin.cn%2fpub%2f/release/base-files/base-files-3.7-1.tar.bz2
2012/09/26 10:22:24 Installing file://Z:\program\cygwin/http%3a%2f%2fwww.cygwin.cn%2fpub%2f/release/base-passwd/base-passwd-2.2-1.tar.bz2
2012/09/26 10:22:24 Installing file://Z:\program\cygwin/http%3a%2f%2fwww.cygwin.cn%2fpub%2f/release/bash/bash-3.2.39-20.tar.bz2
2012/09/26 10:22:25 Installing file://Z:\program\cygwin/http%3a%2f%2fwww.cygwin.cn%2fpub%2f/release/bash/bash-completion/bash-completion-20060301-2.tar.bz2
2012/09/26 10:22:25 Installing file://Z:\program\cygwin/http%3a%2f%2fwww.cygwin.cn%2fpub%2f/release/bash/bashdb/bashdb-3.1_0.09-1.tar.bz2
2012/09/26 10:22:26 Installing file://Z:\program\cygwin/http%3a%2f%2fwww.cygwin.cn%2fpub%2f/release/binutils/binutils-20080624-2.tar.bz2
2012/09/26 10:22:28 Installing file://Z:\program\cygwin/http%3a%2f%2fwww.cygwin.cn%2fpub%2f/release/bison/bison-2.3-1.tar.bz2
2012/09/26 10:22:29 Installing file://Z:\program\cygwin/http%3a%2f%2fwww.cygwin.cn%2fpub%2f/release/boost/boost-1.33.1-4.tar.bz2
2012/09/26 10:23:06 Installing file://Z:\program\cygwin/http%3a%2f%2fwww.cygwin.cn%2fpub%2f/release/boost/boost-devel/boost-devel-1.33.1-4.tar.bz2
2012/09/26 10:23:27 Installing file://Z:\program\cygwin/http%3a%2f%2fwww.cygwin.cn%2fpub%2f/release/byacc/byacc-1.9-1.tar.bz2
2012/09/26 10:23:27 Installing file://Z:\program\cygwin/http%3a%2f%2fwww.cygwin.cn%2fpub%2f/release/bzip2/bzip2-1.0.5-2.tar.bz2
2012/09/26 10:23:28 Installing file://Z:\program\cygwin/http%3a%2f%2fwww.cygwin.cn%2fpub%2f/release/bzr/bzr-1.6.1-1.tar.bz2
2012/09/26 10:23:40 Installing file://Z:\program\cygwin/http%3a%2f%2fwww.cygwin.cn%2fpub%2f/release/uw-imap/c-client/c-client-2007-2.tar.bz2
2012/09/26 10:23:40 Installing file://Z:\program\cygwin/http%3a%2f%2fwww.cygwin.cn%2fpub%2f/release/catgets/catgets-1.0-1.tar.bz2
2012/09/26 10:23:40 Installing file://Z:\program\cygwin/http%3a%2f%2fwww.cygwin.cn%2fpub%2f/release/ccache/ccache-2.4-1.tar.bz2
2012/09/26 10:23:41 Installing file://Z:\program\cygwin/http%3a%2f%2fwww.cygwin.cn%2fpub%2f/release/ccdoc/ccdoc-0.8.41-2.tar.bz2
2012/09/26 10:23:41 Installing file://Z:\program\cygwin/http%3a%2f%2fwww.cygwin.cn%2fpub%2f/release/check/check-0.9.5-1.tar.bz2
2012/09/26 10:23:41 Installing file://Z:\program\cygwin/http%3a%2f%2fwww.cygwin.cn%2fpub%2f/release/clisp/clisp-2.46-1.tar.bz2
2012/09/26 10:23:44 Installing file://Z:\program\cygwin/http%3a%2f%2fwww.cygwin.cn%2fpub%2f/release/cmake/cmake-2.6.2-1.tar.bz2
2012/09/26 10:23:50 Installing file://Z:\program\cygwin/http%3a%2f%2fwww.cygwin.cn%2fpub%2f/release/cocom/cocom-0.995-1.tar.bz2
2012/09/26 10:23:51 Installing file://Z:\program\cygwin/http%3a%2f%2fwww.cygwin.cn%2fpub%2f/release/codeville/codeville-0.8.0-2.tar.bz2
2012/09/26 10:23:51 Installing file://Z:\program\cygwin/http%3a%2f%2fwww.cygwin.cn%2fpub%2f/release/git/cogito/cogito-0.18.2-2.tar.bz2
2012/09/26 10:23:52 Installing file://Z:\program\cygwin/http%3a%2f%2fwww.cygwin.cn%2fpub%2f/release/colorgcc/colorgcc-1.3.2-1.tar.bz2
2012/09/26 10:23:52 Installing file://Z:\program\cygwin/http%3a%2f%2fwww.cygwin.cn%2fpub%2f/release/coreutils/coreutils-6.10-1.tar.bz2
2012/09/26 10:23:56 Installing file://Z:\program\cygwin/http%3a%2f%2fwww.cygwin.cn%2fpub%2f/release/cpio/cpio-2.9-1.tar.bz2
2012/09/26 10:23:56 Installing file://Z:\program\cygwin/http%3a%2f%2fwww.cygwin.cn%2fpub%2f/release/cppunit/cppunit-1.12.0-1.tar.bz2
2012/09/26 10:23:57 Installing file://Z:\program\cygwin/http%3a%2f%2fwww.cygwin.cn%2fpub%2f/release/cramfs/cramfs-1.1-1.tar.bz2
2012/09/26 10:23:57 Installing file://Z:\program\cygwin/http%3a%2f%2fwww.cygwin.cn%2fpub%2f/release/crypt/crypt-1.1-1.tar.bz2
2012/09/26 10:23:57 Installing file://Z:\program\cygwin/http%3a%2f%2fwww.cygwin.cn%2fpub%2f/release/ctags/ctags-5.7-1.tar.bz2
2012/09/26 10:23:57 Installing file://Z:\program\cygwin/http%3a%2f%2fwww.cygwin.cn%2fpub%2f/release/curl/curl-7.16.3-1.tar.bz2
2012/09/26 10:23:58 Installing file://Z:\program\cygwin/http%3a%2f%2fwww.cygwin.cn%2fpub%2f/release/curl/curl-devel/curl-devel-7.16.3-1.tar.bz2
2012/09/26 10:23:59 Installing file://Z:\program\cygwin/http%3a%2f%2fwww.cygwin.cn%2fpub%2f/release/cvs/cvs-1.11.22-1.tar.bz2
2012/09/26 10:23:59 Installing file://Z:\program\cygwin/http%3a%2f%2fwww.cygwin.cn%2fpub%2f/release/cvs2svn/cvs2svn-2.1.1-1.tar.bz2
2012/09/26 10:24:01 Installing file://Z:\program\cygwin/http%3a%2f%2fwww.cygwin.cn%2fpub%2f/release/cvsps/cvsps-2.1-1.tar.bz2
2012/09/26 10:24:01 Installing file://Z:\program\cygwin/http%3a%2f%2fwww.cygwin.cn%2fpub%2f/release/cvsutils/cvsutils-0.2.5-1.tar.bz2
2012/09/26 10:24:02 Installing file://Z:\program\cygwin/http%3a%2f%2fwww.cygwin.cn%2fpub%2f/release/cygport/cygport-0.4.0-1.tar.bz2
2012/09/26 10:24:02 Installing file://Z:\program\cygwin/http%3a%2f%2fwww.cygwin.cn%2fpub%2f/release/cygutils/cygutils-1.3.2-1.tar.bz2
2012/09/26 10:24:03 Installing file://Z:\program\cygwin/http%3a%2f%2fwww.cygwin.cn%2fpub%2f/release/cygwin/cygwin-1.5.25-15.tar.bz2
2012/09/26 10:24:05 Installing file://Z:\program\cygwin/http%3a%2f%2fwww.cygwin.cn%2fpub%2f/release/cygwin-doc/cygwin-doc-1.4-4.tar.bz2
2012/09/26 10:24:10 Installing file://Z:\program\cygwin/http%3a%2f%2fwww.cygwin.cn%2fpub%2f/release/X11/ddd/ddd-3.3.9-1.tar.bz2
2012/09/26 10:24:12 Installing file://Z:\program\cygwin/http%3a%2f%2fwww.cygwin.cn%2fpub%2f/release/dejagnu/dejagnu-20021217-2.tar.bz2
2012/09/26 10:24:13 Installing file://Z:\program\cygwin/http%3a%2f%2fwww.cygwin.cn%2fpub%2f/release/diffstat/diffstat-1.46-1.tar.bz2
2012/09/26 10:24:13 Installing file://Z:\program\cygwin/http%3a%2f%2fwww.cygwin.cn%2fpub%2f/release/diffutils/diffutils-2.8.7-1.tar.bz2
2012/09/26 10:24:14 Installing file://Z:\program\cygwin/http%3a%2f%2fwww.cygwin.cn%2fpub%2f/release/distcc/distcc-2.18.3-1.tar.bz2
2012/09/26 10:24:14 Installing file://Z:\program\cygwin/http%3a%2f%2fwww.cygwin.cn%2fpub%2f/release/dmalloc/dmalloc-5.4.2-2.tar.bz2
2012/09/26 10:24:14 Installing file://Z:\program\cygwin/http%3a%2f%2fwww.cygwin.cn%2fpub%2f/release/docbook-xml412/docbook-xml412-4.1.2-1.tar.bz2
2012/09/26 10:24:14 Installing file://Z:\program\cygwin/http%3a%2f%2fwww.cygwin.cn%2fpub%2f/release/docbook-xsl/docbook-xsl-1.69.1-1.tar.bz2
2012/09/26 10:24:25 Installing file://Z:\program\cygwin/http%3a%2f%2fwww.cygwin.cn%2fpub%2f/release/doxygen/doxygen-1.5.5-1.tar.bz2
2012/09/26 10:24:26 Installing file://Z:\program\cygwin/http%3a%2f%2fwww.cygwin.cn%2fpub%2f/release/dpatch/dpatch-2.0.26-2.tar.bz2
2012/09/26 10:24:26 Installing file://Z:\program\cygwin/http%3a%2f%2fwww.cygwin.cn%2fpub%2f/release/e2fsimage/e2fsimage-0.2.0-2.tar.bz2
2012/09/26 10:24:26 Installing file://Z:\program\cygwin/http%3a%2f%2fwww.cygwin.cn%2fpub%2f/release/e2fsprogs/e2fsprogs-1.35-3.tar.bz2
2012/09/26 10:24:27 Installing file://Z:\program\cygwin/http%3a%2f%2fwww.cygwin.cn%2fpub%2f/release/editrights/editrights-1.01-2.tar.bz2
2012/09/26 10:24:28 Installing file://Z:\program\cygwin/http%3a%2f%2fwww.cygwin.cn%2fpub%2f/release/ELFIO/ELFIO-1.0.2-1.tar.bz2
2012/09/26 10:24:28 Installing file://Z:\program\cygwin/http%3a%2f%2fwww.cygwin.cn%2fpub%2f/release/eventlog/eventlog-0.2.5-1.tar.bz2
2012/09/26 10:24:28 Installing file://Z:\program\cygwin/http%3a%2f%2fwww.cygwin.cn%2fpub%2f/release/expat/expat-2.0.1-1.tar.bz2
2012/09/26 10:24:28 Installing file://Z:\program\cygwin/http%3a%2f%2fwww.cygwin.cn%2fpub%2f/release/expect/expect-20030128-1.tar.bz2
2012/09/26 10:24:28 Installing file://Z:\program\cygwin/http%3a%2f%2fwww.cygwin.cn%2fpub%2f/release/file/file-4.21-1.tar.bz2
2012/09/26 10:24:28 Installing file://Z:\program\cygwin/http%3a%2f%2fwww.cygwin.cn%2fpub%2f/release/findutils/findutils-4.4.0-3.tar.bz2
2012/09/26 10:24:29 Installing file://Z:\program\cygwin/http%3a%2f%2fwww.cygwin.cn%2fpub%2f/release/flac/flac-devel/flac-devel-1.2.1-1.tar.bz2
2012/09/26 10:24:31 Installing file://Z:\program\cygwin/http%3a%2f%2fwww.cygwin.cn%2fpub%2f/release/flex/flex-2.5.35-1.tar.bz2
2012/09/26 10:24:32 Installing file://Z:\program\cygwin/http%3a%2f%2fwww.cygwin.cn%2fpub%2f/release/fltk/fltk-1.1.8r5648-1.tar.bz2
2012/09/26 10:24:32 Installing file://Z:\program\cygwin/http%3a%2f%2fwww.cygwin.cn%2fpub%2f/release/fltk/fltk-demos/fltk-demos-1.1.8r5648-1.tar.bz2
2012/09/26 10:24:32 Installing file://Z:\program\cygwin/http%3a%2f%2fwww.cygwin.cn%2fpub%2f/release/fltk/fltk-devel/fltk-devel-1.1.8r5648-1.tar.bz2
2012/09/26 10:24:33 Installing file://Z:\program\cygwin/http%3a%2f%2fwww.cygwin.cn%2fpub%2f/release/fltk/fltk-doc/fltk-doc-1.1.8r5648-1.tar.bz2
2012/09/26 10:24:36 Installing file://Z:\program\cygwin/http%3a%2f%2fwww.cygwin.cn%2fpub%2f/release/fontconfig/fontconfig-2.4.1-5.tar.bz2
2012/09/26 10:24:36 Installing file://Z:\program\cygwin/http%3a%2f%2fwww.cygwin.cn%2fpub%2f/release/gawk/gawk-3.1.6-1.tar.bz2
2012/09/26 10:24:37 Installing file://Z:\program\cygwin/http%3a%2f%2fwww.cygwin.cn%2fpub%2f/release/gcc/gcc-3.4.4-3.tar.bz2
2012/09/26 10:24:37 Installing file://Z:\program\cygwin/http%3a%2f%2fwww.cygwin.cn%2fpub%2f/release/gcc/gcc-ada/gcc-ada-3.4.4-3.tar.bz2
2012/09/26 10:25:00 Installing file://Z:\program\cygwin/http%3a%2f%2fwww.cygwin.cn%2fpub%2f/release/gcc/gcc-core/gcc-core-3.4.4-3.tar.bz2
2012/09/26 10:25:02 Installing file://Z:\program\cygwin/http%3a%2f%2fwww.cygwin.cn%2fpub%2f/release/gcc/gcc-g++/gcc-g++-3.4.4-3.tar.bz2
2012/09/26 10:25:05 Installing file://Z:\program\cygwin/http%3a%2f%2fwww.cygwin.cn%2fpub%2f/release/gcc/gcc-g77/gcc-g77-3.4.4-3.tar.bz2
2012/09/26 10:25:06 Installing file://Z:\program\cygwin/http%3a%2f%2fwww.cygwin.cn%2fpub%2f/release/gcc/gcc-gdc/gcc-gdc-3.4.4-3.tar.bz2
2012/09/26 10:25:08 Installing file://Z:\program\cygwin/http%3a%2f%2fwww.cygwin.cn%2fpub%2f/release/gcc/gcc-gpc/gcc-gpc-3.4.4-3.tar.bz2
2012/09/26 10:25:14 Installing file://Z:\program\cygwin/http%3a%2f%2fwww.cygwin.cn%2fpub%2f/release/gcc/gcc-java/gcc-java-3.4.4-3.tar.bz2
2012/09/26 10:25:32 Installing file://Z:\program\cygwin/http%3a%2f%2fwww.cygwin.cn%2fpub%2f/release/gcc-mingw/gcc-mingw-20040810-1.tar.bz2
2012/09/26 10:25:32 Installing file://Z:\program\cygwin/http%3a%2f%2fwww.cygwin.cn%2fpub%2f/release/gcc-mingw/gcc-mingw-ada/gcc-mingw-ada-20050522-1.tar.bz2
2012/09/26 10:25:34 Installing file://Z:\program\cygwin/http%3a%2f%2fwww.cygwin.cn%2fpub%2f/release/gcc-mingw/gcc-mingw-core/gcc-mingw-core-20050522-1.tar.bz2
2012/09/26 10:25:34 Installing file://Z:\program\cygwin/http%3a%2f%2fwww.cygwin.cn%2fpub%2f/release/gcc-mingw/gcc-mingw-g++/gcc-mingw-g++-20050522-1.tar.bz2
2012/09/26 10:25:34 Installing file://Z:\program\cygwin/http%3a%2f%2fwww.cygwin.cn%2fpub%2f/release/gcc-mingw/gcc-mingw-g77/gcc-mingw-g77-20050522-1.tar.bz2
2012/09/26 10:25:34 Installing file://Z:\program\cygwin/http%3a%2f%2fwww.cygwin.cn%2fpub%2f/release/gcc-mingw/gcc-mingw-gdc/gcc-mingw-gdc-20050522-1.tar.bz2
2012/09/26 10:25:34 Installing file://Z:\program\cygwin/http%3a%2f%2fwww.cygwin.cn%2fpub%2f/release/gcc-mingw/gcc-mingw-gpc/gcc-mingw-gpc-20040810-1.tar.bz2
2012/09/26 10:25:34 Installing file://Z:\program\cygwin/http%3a%2f%2fwww.cygwin.cn%2fpub%2f/release/gcc-mingw/gcc-mingw-java/gcc-mingw-java-20050522-1.tar.bz2
2012/09/26 10:25:36 Installing file://Z:\program\cygwin/http%3a%2f%2fwww.cygwin.cn%2fpub%2f/release/gcc-mingw/gcc-mingw-objc/gcc-mingw-objc-20050522-1.tar.bz2
2012/09/26 10:25:36 Installing file://Z:\program\cygwin/http%3a%2f%2fwww.cygwin.cn%2fpub%2f/release/gcc/gcc-objc/gcc-objc-3.4.4-3.tar.bz2
2012/09/26 10:25:36 Installing file://Z:\program\cygwin/
2012/09/26 10:25:36 Installing file://Z:\program\cygwin/http%3a%2f%2fwww.cygwin.cn%2fpub%2f/release/gcc4/gcc4-4.3.2-1.tar.bz2
2012/09/26 10:25:36 Installing file://Z:\program\cygwin/http%3a%2f%2fwww.cygwin.cn%2fpub%2f/release/gcc4/gcc4-ada/gcc4-ada-4.3.2-1.tar.bz2
2012/09/26 10:26:15 Installing file://Z:\program\cygwin/http%3a%2f%2fwww.cygwin.cn%2fpub%2f/release/gcc4/gcc4-core/gcc4-core-4.3.2-1.tar.bz2
2012/09/26 10:26:19 Installing file://Z:\program\cygwin/http%3a%2f%2fwww.cygwin.cn%2fpub%2f/release/gcc4/gcc4-fortran/gcc4-fortran-4.3.2-1.tar.bz2
2012/09/26 10:26:20 Installing file://Z:\program\cygwin/http%3a%2f%2fwww.cygwin.cn%2fpub%2f/release/gcc4/gcc4-g++/gcc4-g++-4.3.2-1.tar.bz2
2012/09/26 10:26:26 Installing file://Z:\program\cygwin/http%3a%2f%2fwww.cygwin.cn%2fpub%2f/release/gcc4/gcc4-java/gcc4-java-4.3.2-1.tar.bz2
2012/09/26 10:26:28 Installing file://Z:\program\cygwin/http%3a%2f%2fwww.cygwin.cn%2fpub%2f/release/gcc4/gcc4-objc/gcc4-objc-4.3.2-1.tar.bz2
2012/09/26 10:26:30 Installing file://Z:\program\cygwin/http%3a%2f%2fwww.cygwin.cn%2fpub%2f/release/gcc4/gcc4-runtime/gcc4-runtime-4.3.2-1.tar.bz2
2012/09/26 10:26:30 Installing file://Z:\program\cygwin/http%3a%2f%2fwww.cygwin.cn%2fpub%2f/release/gdb/gdb-6.8-2.tar.bz2
2012/09/26 10:26:36 Installing file://Z:\program\cygwin/http%3a%2f%2fwww.cygwin.cn%2fpub%2f/release/libwmf/gdk-pixbuf2-wmf/gdk-pixbuf2-wmf-0.2.8.4-2.tar.bz2
2012/09/26 10:26:36 Installing file://Z:\program\cygwin/http%3a%2f%2fwww.cygwin.cn%2fpub%2f/release/gettext/gettext-0.15-1.tar.bz2
2012/09/26 10:26:38 Installing file://Z:\program\cygwin/http%3a%2f%2fwww.cygwin.cn%2fpub%2f/release/gettext/gettext-devel/gettext-devel-0.15-1.tar.bz2
2012/09/26 10:26:48 Installing file://Z:\program\cygwin/http%3a%2f%2fwww.cygwin.cn%2fpub%2f/release/ghostscript/ghostscript-base/ghostscript-base-8.62-2.tar.bz2
2012/09/26 10:26:57 Installing file://Z:\program\cygwin/http%3a%2f%2fwww.cygwin.cn%2fpub%2f/release/ghostscript/ghostscript-fonts-other/ghostscript-fonts-other-6.0-1.tar.bz2
2012/09/26 10:26:57 Installing file://Z:\program\cygwin/http%3a%2f%2fwww.cygwin.cn%2fpub%2f/release/ghostscript/ghostscript-fonts-std/ghostscript-fonts-std-8.11-1.tar.bz2
2012/09/26 10:26:59 Installing file://Z:\program\cygwin/http%3a%2f%2fwww.cygwin.cn%2fpub%2f/release/git/git-1.6.0.2-1.tar.bz2
2012/09/26 10:27:06 Installing file://Z:\program\cygwin/http%3a%2f%2fwww.cygwin.cn%2fpub%2f/release/git/git-completion/git-completion-1.6.0.2-1.tar.bz2
2012/09/26 10:27:06 Installing file://Z:\program\cygwin/http%3a%2f%2fwww.cygwin.cn%2fpub%2f/release/git/git-gui/git-gui-1.6.0.2-1.tar.bz2
2012/09/26 10:27:07 Installing file://Z:\program\cygwin/http%3a%2f%2fwww.cygwin.cn%2fpub%2f/release/git/gitk/gitk-1.6.0.2-1.tar.bz2
2012/09/26 10:27:07 Installing file://Z:\program\cygwin/http%3a%2f%2fwww.cygwin.cn%2fpub%2f/release/glib/glib-1.2.10-3.tar.bz2
2012/09/26 10:27:07 Installing file://Z:\program\cygwin/http%3a%2f%2fwww.cygwin.cn%2fpub%2f/release/glib/glib-devel/glib-devel-1.2.10-3.tar.bz2
2012/09/26 10:27:07 Installing file://Z:\program\cygwin/http%3a%2f%2fwww.cygwin.cn%2fpub%2f/release/GNOME/glib2/glib2-2.10.3-1.tar.bz2
2012/09/26 10:27:09 Installing file://Z:\program\cygwin/http%3a%2f%2fwww.cygwin.cn%2fpub%2f/release/GNOME/glib2/glib2-devel/glib2-devel-2.10.3-1.tar.bz2
2012/09/26 10:27:10 Installing file://Z:\program\cygwin/http%3a%2f%2fwww.cygwin.cn%2fpub%2f/release/GNOME/glib2/glib2-runtime/glib2-runtime-2.10.3-1.tar.bz2
2012/09/26 10:27:10 Installing file://Z:\program\cygwin/http%3a%2f%2fwww.cygwin.cn%2fpub%2f/release/gmp/gmp-4.2.3-1.tar.bz2
2012/09/26 10:27:10 Installing file://Z:\program\cygwin/http%3a%2f%2fwww.cygwin.cn%2fpub%2f/release/GNOME/gnome-common/gnome-common-2.20.0-2.tar.bz2
2012/09/26 10:27:11 Installing file://Z:\program\cygwin/http%3a%2f%2fwww.cygwin.cn%2fpub%2f/release/gnutls/gnutls-devel/gnutls-devel-2.4.1-1.tar.bz2
2012/09/26 10:27:28 Installing file://Z:\program\cygwin/http%3a%2f%2fwww.cygwin.cn%2fpub%2f/release/gperf/gperf-3.0.3-1.tar.bz2
2012/09/26 10:27:28 Installing file://Z:\program\cygwin/http%3a%2f%2fwww.cygwin.cn%2fpub%2f/release/grep/grep-2.5.3-1.tar.bz2
2012/09/26 10:27:29 Installing file://Z:\program\cygwin/http%3a%2f%2fwww.cygwin.cn%2fpub%2f/release/groff/groff-1.19.2-2.tar.bz2
2012/09/26 10:27:34 Installing file://Z:\program\cygwin/http%3a%2f%2fwww.cygwin.cn%2fpub%2f/release/gtk+/gtk+-devel/gtk+-devel-1.2.10-2.tar.bz2
2012/09/26 10:27:36 Installing file://Z:\program\cygwin/http%3a%2f%2fwww.cygwin.cn%2fpub%2f/release/GNOME/gtk-doc/gtk-doc-1.5-1.tar.bz2
2012/09/26 10:27:36 Installing file://Z:\program\cygwin/http%3a%2f%2fwww.cygwin.cn%2fpub%2f/release/gtk2-x11/gtk2-x11-2.6.10-1.tar.bz2
2012/09/26 10:27:40 Installing file://Z:\program\cygwin/http%3a%2f%2fwww.cygwin.cn%2fpub%2f/release/gtk2-x11/gtk2-x11-devel/gtk2-x11-devel-2.6.10-1.tar.bz2
2012/09/26 10:27:43 Installing file://Z:\program\cygwin/http%3a%2f%2fwww.cygwin.cn%2fpub%2f/release/gtk2-x11/gtk2-x11-doc/gtk2-x11-doc-2.6.10-1.tar.bz2
2012/09/26 10:27:51 Installing file://Z:\program\cygwin/http%3a%2f%2fwww.cygwin.cn%2fpub%2f/release/gtk2-x11/gtk2-x11-runtime/gtk2-x11-runtime-2.6.10-1.tar.bz2
2012/09/26 10:27:52 Installing file://Z:\program\cygwin/http%3a%2f%2fwww.cygwin.cn%2fpub%2f/release/guile/guile-1.8.2-1.tar.bz2
2012/09/26 10:27:52 Installing file://Z:\program\cygwin/http%3a%2f%2fwww.cygwin.cn%2fpub%2f/release/guile/guile-devel/guile-devel-1.8.2-1.tar.bz2
2012/09/26 10:27:53 Installing file://Z:\program\cygwin/http%3a%2f%2fwww.cygwin.cn%2fpub%2f/release/guilt/guilt-0.27-1.tar.bz2
2012/09/26 10:27:55 Installing file://Z:\program\cygwin/http%3a%2f%2fwww.cygwin.cn%2fpub%2f/release/gzip/gzip-1.3.12-2.tar.bz2
2012/09/26 10:27:56 Installing file://Z:\program\cygwin/http%3a%2f%2fwww.cygwin.cn%2fpub%2f/release/help2man/help2man-1.36.4-2.tar.bz2
2012/09/26 10:27:56 Installing file://Z:\program\cygwin/http%3a%2f%2fwww.cygwin.cn%2fpub%2f/release/icu/icu-3.8-4.tar.bz2
2012/09/26 10:27:56 Installing file://Z:\program\cygwin/http%3a%2f%2fwww.cygwin.cn%2fpub%2f/release/icu/icu-doc/icu-doc-3.8-4.tar.bz2
2012/09/26 10:28:06 Installing file://Z:\program\cygwin/http%3a%2f%2fwww.cygwin.cn%2fpub%2f/release/indent/indent-2.2.9-2.tar.bz2
2012/09/26 10:28:06 Installing file://Z:\program\cygwin/http%3a%2f%2fwww.cygwin.cn%2fpub%2f/release/GNOME/intltool/intltool-0.40.3-1.tar.bz2
2012/09/26 10:28:07 Installing file://Z:\program\cygwin/http%3a%2f%2fwww.cygwin.cn%2fpub%2f/release/ioperm/ioperm-0.4-1.tar.bz2
2012/09/26 10:28:07 Installing file://Z:\program\cygwin/http%3a%2f%2fwww.cygwin.cn%2fpub%2f/release/jbigkit/jbigkit-1.6-1.tar.bz2
2012/09/26 10:28:07 Installing file://Z:\program\cygwin/http%3a%2f%2fwww.cygwin.cn%2fpub%2f/release/jikes/jikes-1.22-2.tar.bz2
2012/09/26 10:28:08 Installing file://Z:\program\cygwin/http%3a%2f%2fwww.cygwin.cn%2fpub%2f/release/jlint/jlint-3.1-1.tar.bz2
2012/09/26 10:28:08 Installing file://Z:\program\cygwin/http%3a%2f%2fwww.cygwin.cn%2fpub%2f/release/jpeg/jpeg-6b-12.tar.bz2
2012/09/26 10:28:08 Installing file://Z:\program\cygwin/http%3a%2f%2fwww.cygwin.cn%2fpub%2f/release/lablgtk2/lablgtk2-20060908-1.tar.bz2
2012/09/26 10:28:12 Installing file://Z:\program\cygwin/http%3a%2f%2fwww.cygwin.cn%2fpub%2f/release/lapack/lapack-3.0-5.tar.bz2
2012/09/26 10:28:13 Installing file://Z:\program\cygwin/http%3a%2f%2fwww.cygwin.cn%2fpub%2f/release/less/less-382-1.tar.bz2
2012/09/26 10:28:13 Installing file://Z:\program\cygwin/http%3a%2f%2fwww.cygwin.cn%2fpub%2f/release/X11/lesstif/lesstif-0.94.4-1.tar.bz2
2012/09/26 10:28:17 Installing file://Z:\program\cygwin/http%3a%2f%2fwww.cygwin.cn%2fpub%2f/release/aalib/libaa1/libaa1-1.4rc5-2.tar.bz2
2012/09/26 10:28:17 Installing file://Z:\program\cygwin/http%3a%2f%2fwww.cygwin.cn%2fpub%2f/release/libao/libao-devel/libao-devel-0.8.8-1.tar.bz2
2012/09/26 10:28:17 Installing file://Z:\program\cygwin/http%3a%2f%2fwww.cygwin.cn%2fpub%2f/release/libao/libao2/libao2-0.8.8-1.tar.bz2
2012/09/26 10:28:18 Installing file://Z:\program\cygwin/http%3a%2f%2fwww.cygwin.cn%2fpub%2f/release/libapr1/libapr1-1.3.3-1.tar.bz2
2012/09/26 10:28:18 Installing file://Z:\program\cygwin/http%3a%2f%2fwww.cygwin.cn%2fpub%2f/release/libapr1/libapr1-devel/libapr1-devel-1.3.3-1.tar.bz2
2012/09/26 10:28:18 Installing file://Z:\program\cygwin/http%3a%2f%2fwww.cygwin.cn%2fpub%2f/release/libaprutil1/libaprutil1-1.3.4-1.tar.bz2
2012/09/26 10:28:18 Installing file://Z:\program\cygwin/http%3a%2f%2fwww.cygwin.cn%2fpub%2f/release/libaprutil1/libaprutil1-devel/libaprutil1-devel-1.3.4-1.tar.bz2
2012/09/26 10:28:19 Installing file://Z:\program\cygwin/http%3a%2f%2fwww.cygwin.cn%2fpub%2f/release/GNOME/libart_lgpl2/libart_lgpl2-2.3.20-1.tar.bz2
2012/09/26 10:28:19 Installing file://Z:\program\cygwin/http%3a%2f%2fwww.cygwin.cn%2fpub%2f/release/audiofile/libaudiofile-devel/libaudiofile-devel-0.2.6-3.tar.bz2
2012/09/26 10:28:19 Installing file://Z:\program\cygwin/http%3a%2f%2fwww.cygwin.cn%2fpub%2f/release/audiofile/libaudiofile0/libaudiofile0-0.2.6-3.tar.bz2
2012/09/26 10:28:19 Installing file://Z:\program\cygwin/http%3a%2f%2fwww.cygwin.cn%2fpub%2f/release/autotrace/libautotrace-devel/libautotrace-devel-0.31.1-1.tar.bz2
2012/09/26 10:28:19 Installing file://Z:\program\cygwin/http%3a%2f%2fwww.cygwin.cn%2fpub%2f/release/autotrace/libautotrace3/libautotrace3-0.31.1-1.tar.bz2
2012/09/26 10:28:19 Installing file://Z:\program\cygwin/http%3a%2f%2fwww.cygwin.cn%2fpub%2f/release/boost/libboost/libboost-1.33.1-4.tar.bz2
2012/09/26 10:28:21 Installing file://Z:\program\cygwin/http%3a%2f%2fwww.cygwin.cn%2fpub%2f/release/brltty/libbrlapi/libbrlapi-3.10-2.tar.bz2
2012/09/26 10:28:21 Installing file://Z:\program\cygwin/http%3a%2f%2fwww.cygwin.cn%2fpub%2f/release/brltty/libbrlapi-devel/libbrlapi-devel-3.10-2.tar.bz2
2012/09/26 10:28:26 Installing file://Z:\program\cygwin/http%3a%2f%2fwww.cygwin.cn%2fpub%2f/release/bzip2/libbz2-devel/libbz2-devel-1.0.5-2.tar.bz2
2012/09/26 10:28:26 Installing file://Z:\program\cygwin/http%3a%2f%2fwww.cygwin.cn%2fpub%2f/release/bzip2/libbz2_1/libbz2_1-1.0.5-2.tar.bz2
2012/09/26 10:28:26 Installing file://Z:\program\cygwin/http%3a%2f%2fwww.cygwin.cn%2fpub%2f/release/libiconv/libcharset1/libcharset1-1.11-1.tar.bz2
2012/09/26 10:28:26 Installing file://Z:\program\cygwin/http%3a%2f%2fwww.cygwin.cn%2fpub%2f/release/curl/libcurl4/libcurl4-7.16.3-1.tar.bz2
2012/09/26 10:28:26 Installing file://Z:\program\cygwin/http%3a%2f%2fwww.cygwin.cn%2fpub%2f/release/db/db4.2/libdb4.2/libdb4.2-4.2.52.5-2.tar.bz2
2012/09/26 10:28:27 Installing file://Z:\program\cygwin/http%3a%2f%2fwww.cygwin.cn%2fpub%2f/release/db/db4.2/libdb4.2-devel/libdb4.2-devel-4.2.52.5-2.tar.bz2
2012/09/26 10:28:35 Installing file://Z:\program\cygwin/http%3a%2f%2fwww.cygwin.cn%2fpub%2f/release/db/db4.5/libdb4.5/libdb4.5-4.5.20.2-2.tar.bz2
2012/09/26 10:28:36 Installing file://Z:\program\cygwin/http%3a%2f%2fwww.cygwin.cn%2fpub%2f/release/postgresql/libecpg-compat2/libecpg-compat2-8.2.9-1.tar.bz2
2012/09/26 10:28:36 Installing file://Z:\program\cygwin/http%3a%2f%2fwww.cygwin.cn%2fpub%2f/release/postgresql/libecpg-devel/libecpg-devel-8.2.9-1.tar.bz2
2012/09/26 10:28:36 Installing file://Z:\program\cygwin/http%3a%2f%2fwww.cygwin.cn%2fpub%2f/release/libEMF/libEMF-devel/libEMF-devel-1.0.3-2.tar.bz2
2012/09/26 10:28:40 Installing file://Z:\program\cygwin/http%3a%2f%2fwww.cygwin.cn%2fpub%2f/release/libEMF/libEMF1/libEMF1-1.0.3-2.tar.bz2
2012/09/26 10:28:40 Installing file://Z:\program\cygwin/http%3a%2f%2fwww.cygwin.cn%2fpub%2f/release/esound/libesound-devel/libesound-devel-0.2.40-1.tar.bz2
2012/09/26 10:28:40 Installing file://Z:\program\cygwin/http%3a%2f%2fwww.cygwin.cn%2fpub%2f/release/esound/libesound0/libesound0-0.2.40-1.tar.bz2
2012/09/26 10:28:40 Installing file://Z:\program\cygwin/http%3a%2f%2fwww.cygwin.cn%2fpub%2f/release/expat/libexpat0/libexpat0-1.95.8-2.tar.bz2
2012/09/26 10:28:40 Installing file://Z:\program\cygwin/http%3a%2f%2fwww.cygwin.cn%2fpub%2f/release/expat/libexpat1/libexpat1-2.0.1-1.tar.bz2
2012/09/26 10:28:40 Installing file://Z:\program\cygwin/http%3a%2f%2fwww.cygwin.cn%2fpub%2f/release/expat/libexpat1-devel/libexpat1-devel-2.0.1-1.tar.bz2
2012/09/26 10:28:40 Installing file://Z:\program\cygwin/http%3a%2f%2fwww.cygwin.cn%2fpub%2f/release/fcgi/libfcgi-devel/libfcgi-devel-2.4.0-2.tar.bz2
2012/09/26 10:28:41 Installing file://Z:\program\cygwin/http%3a%2f%2fwww.cygwin.cn%2fpub%2f/release/fcgi/libfcgi0/libfcgi0-2.4.0-2.tar.bz2
2012/09/26 10:28:41 Installing file://Z:\program\cygwin/http%3a%2f%2fwww.cygwin.cn%2fpub%2f/release/flac/libFLAC++6/libFLAC++6-1.2.1-1.tar.bz2
2012/09/26 10:28:41 Installing file://Z:\program\cygwin/http%3a%2f%2fwww.cygwin.cn%2fpub%2f/release/flac/libFLAC8/libFLAC8-1.2.1-1.tar.bz2
2012/09/26 10:28:41 Installing file://Z:\program\cygwin/http%3a%2f%2fwww.cygwin.cn%2fpub%2f/release/fontconfig/libfontconfig-devel/libfontconfig-devel-2.4.1-5.tar.bz2
2012/09/26 10:28:41 Installing file://Z:\program\cygwin/http%3a%2f%2fwww.cygwin.cn%2fpub%2f/release/fontconfig/libfontconfig1/libfontconfig1-2.4.1-5.tar.bz2
2012/09/26 10:28:41 Installing file://Z:\program\cygwin/http%3a%2f%2fwww.cygwin.cn%2fpub%2f/release/libfpx/libfpx-devel/libfpx-devel-1.2.0.13-1.tar.bz2
2012/09/26 10:28:41 Installing file://Z:\program\cygwin/http%3a%2f%2fwww.cygwin.cn%2fpub%2f/release/libfpx/libfpx1/libfpx1-1.2.0.13-1.tar.bz2
2012/09/26 10:28:42 Installing file://Z:\program\cygwin/http%3a%2f%2fwww.cygwin.cn%2fpub%2f/release/X11/freetype2/libfreetype2-devel/libfreetype2-devel-2.3.7-1.tar.bz2
2012/09/26 10:28:43 Installing file://Z:\program\cygwin/http%3a%2f%2fwww.cygwin.cn%2fpub%2f/release/X11/freetype2/libfreetype26/libfreetype26-2.3.7-1.tar.bz2
2012/09/26 10:28:43 Installing file://Z:\program\cygwin/http%3a%2f%2fwww.cygwin.cn%2fpub%2f/release/libgcrypt/libgcrypt-1.4.1-4.tar.bz2
2012/09/26 10:28:43 Installing file://Z:\program\cygwin/http%3a%2f%2fwww.cygwin.cn%2fpub%2f/release/libgcrypt/libgcrypt-devel/libgcrypt-devel-1.4.1-4.tar.bz2
2012/09/26 10:28:43 Installing file://Z:\program\cygwin/http%3a%2f%2fwww.cygwin.cn%2fpub%2f/release/libgcrypt/libgcrypt11/libgcrypt11-1.4.1-4.tar.bz2
2012/09/26 10:28:44 Installing file://Z:\program\cygwin/http%3a%2f%2fwww.cygwin.cn%2fpub%2f/release/X11/gd/libgd-devel/libgd-devel-2.0.35-2.tar.bz2
2012/09/26 10:28:44 Installing file://Z:\program\cygwin/http%3a%2f%2fwww.cygwin.cn%2fpub%2f/release/X11/gd/libgd2/libgd2-2.0.35-2.tar.bz2
2012/09/26 10:28:44 Installing file://Z:\program\cygwin/http%3a%2f%2fwww.cygwin.cn%2fpub%2f/release/gdbm/libgdbm-devel/libgdbm-devel-1.8.3-8.tar.bz2
2012/09/26 10:28:44 Installing file://Z:\program\cygwin/http%3a%2f%2fwww.cygwin.cn%2fpub%2f/release/gdbm/libgdbm4/libgdbm4-1.8.3-8.tar.bz2
2012/09/26 10:28:44 Installing file://Z:\program\cygwin/http%3a%2f%2fwww.cygwin.cn%2fpub%2f/release/gettext/libgettextpo0/libgettextpo0-0.15-1.tar.bz2
2012/09/26 10:28:44 Installing file://Z:\program\cygwin/http%3a%2f%2fwww.cygwin.cn%2fpub%2f/release/libggi/libggi2/libggi2-devel/libggi2-devel-2.2.1-1.tar.bz2
2012/09/26 10:28:49 Installing file://Z:\program\cygwin/http%3a%2f%2fwww.cygwin.cn%2fpub%2f/release/libggi/libggimisc2/libggimisc2-devel/libggimisc2-devel-2.2.1-1.tar.bz2
2012/09/26 10:28:50 Installing file://Z:\program\cygwin/http%3a%2f%2fwww.cygwin.cn%2fpub%2f/release/libggi/libggiwmh0/libggiwmh0-devel/libggiwmh0-devel-0.3.1-1.tar.bz2
2012/09/26 10:28:50 Installing file://Z:\program\cygwin/http%3a%2f%2fwww.cygwin.cn%2fpub%2f/release/libggi/libgii1/libgii1-devel/libgii1-devel-1.0.1-1.tar.bz2
2012/09/26 10:28:58 Installing file://Z:\program\cygwin/http%3a%2f%2fwww.cygwin.cn%2fpub%2f/release/libglade2/libglade2-2.5.1-1.tar.bz2
2012/09/26 10:28:59 Installing file://Z:\program\cygwin/http%3a%2f%2fwww.cygwin.cn%2fpub%2f/release/freeglut/libglut-devel/libglut-devel-2.4.0-1.tar.bz2
2012/09/26 10:28:59 Installing file://Z:\program\cygwin/http%3a%2f%2fwww.cygwin.cn%2fpub%2f/release/freeglut/libglut3/libglut3-2.4.0-1.tar.bz2
2012/09/26 10:28:59 Installing file://Z:\program\cygwin/http%3a%2f%2fwww.cygwin.cn%2fpub%2f/release/gmp/libgmp3/libgmp3-4.2.3-1.tar.bz2
2012/09/26 10:28:59 Installing file://Z:\program\cygwin/http%3a%2f%2fwww.cygwin.cn%2fpub%2f/release/GNOME/libgnomecanvas2/libgnomecanvas2-2.12.0-1.tar.bz2
2012/09/26 10:29:00 Installing file://Z:\program\cygwin/http%3a%2f%2fwww.cygwin.cn%2fpub%2f/release/gnutls/libgnutls26/libgnutls26-2.4.1-1.tar.bz2
2012/09/26 10:29:00 Installing file://Z:\program\cygwin/http%3a%2f%2fwww.cygwin.cn%2fpub%2f/release/libgpg-error/libgpg-error-1.6-1.tar.bz2
2012/09/26 10:29:01 Installing file://Z:\program\cygwin/http%3a%2f%2fwww.cygwin.cn%2fpub%2f/release/GraphicsMagick/libGraphicsMagick-devel/libGraphicsMagick-devel-1.0.6-1.tar.bz2
2012/09/26 10:29:02 Installing file://Z:\program\cygwin/http%3a%2f%2fwww.cygwin.cn%2fpub%2f/release/GraphicsMagick/libGraphicsMagick0/libGraphicsMagick0-1.0.6-1.tar.bz2
2012/09/26 10:29:02 Installing file://Z:\program\cygwin/http%3a%2f%2fwww.cygwin.cn%2fpub%2f/release/guile/libguile12/libguile12-1.6.7-4.tar.bz2
2012/09/26 10:29:03 Installing file://Z:\program\cygwin/http%3a%2f%2fwww.cygwin.cn%2fpub%2f/release/guile/libguile17/libguile17-1.8.2-1.tar.bz2
2012/09/26 10:29:04 Installing file://Z:\program\cygwin/http%3a%2f%2fwww.cygwin.cn%2fpub%2f/release/hdf5/libhdf5-devel/libhdf5-devel-1.6.7-2.tar.bz2
2012/09/26 10:29:06 Installing file://Z:\program\cygwin/http%3a%2f%2fwww.cygwin.cn%2fpub%2f/release/hdf5/libhdf5_0/libhdf5_0-1.6.7-2.tar.bz2
2012/09/26 10:29:06 Installing file://Z:\program\cygwin/http%3a%2f%2fwww.cygwin.cn%2fpub%2f/release/libiconv/libiconv-1.11-1.tar.bz2
2012/09/26 10:29:07 Installing file://Z:\program\cygwin/http%3a%2f%2fwww.cygwin.cn%2fpub%2f/release/libiconv/libiconv2/libiconv2-1.11-1.tar.bz2
2012/09/26 10:29:08 Installing file://Z:\program\cygwin/http%3a%2f%2fwww.cygwin.cn%2fpub%2f/release/icu/libicu-devel/libicu-devel-3.8-4.tar.bz2
2012/09/26 10:29:12 Installing file://Z:\program\cygwin/http%3a%2f%2fwww.cygwin.cn%2fpub%2f/release/icu/libicu38/libicu38-3.8-4.tar.bz2
2012/09/26 10:29:13 Installing file://Z:\program\cygwin/http%3a%2f%2fwww.cygwin.cn%2fpub%2f/release/GNOME/ORBit/libIDL/libIDL-0.5.17-2.tar.bz2
2012/09/26 10:29:14 Installing file://Z:\program\cygwin/http%3a%2f%2fwww.cygwin.cn%2fpub%2f/release/gettext/libintl1/libintl1-0.10.40-1.tar.bz2
2012/09/26 10:29:14 Installing file://Z:\program\cygwin/http%3a%2f%2fwww.cygwin.cn%2fpub%2f/release/gettext/libintl2/libintl2-0.12.1-3.tar.bz2
2012/09/26 10:29:14 Installing file://Z:\program\cygwin/http%3a%2f%2fwww.cygwin.cn%2fpub%2f/release/gettext/libintl3/libintl3-0.14.5-1.tar.bz2
2012/09/26 10:29:14 Installing file://Z:\program\cygwin/http%3a%2f%2fwww.cygwin.cn%2fpub%2f/release/gettext/libintl8/libintl8-0.15-1.tar.bz2
2012/09/26 10:29:14 Installing file://Z:\program\cygwin/http%3a%2f%2fwww.cygwin.cn%2fpub%2f/release/jasper/libjasper-devel/libjasper-devel-1.900.1-1.tar.bz2
2012/09/26 10:29:14 Installing file://Z:\program\cygwin/http%3a%2f%2fwww.cygwin.cn%2fpub%2f/release/jasper/libjasper1/libjasper1-1.900.1-1.tar.bz2
2012/09/26 10:29:14 Installing file://Z:\program\cygwin/http%3a%2f%2fwww.cygwin.cn%2fpub%2f/release/jasper/libjasper1.701_0/libjasper1.701_0-1.701.0-3.tar.bz2
2012/09/26 10:29:14 Installing file://Z:\program\cygwin/http%3a%2f%2fwww.cygwin.cn%2fpub%2f/release/jbigkit/libjbig-devel/libjbig-devel-1.6-1.tar.bz2
2012/09/26 10:29:14 Installing file://Z:\program\cygwin/http%3a%2f%2fwww.cygwin.cn%2fpub%2f/release/jbigkit/libjbig1/libjbig1-1.5-3.tar.bz2
2012/09/26 10:29:14 Installing file://Z:\program\cygwin/http%3a%2f%2fwww.cygwin.cn%2fpub%2f/release/jbigkit/libjbig2/libjbig2-1.6-1.tar.bz2
2012/09/26 10:29:14 Installing file://Z:\program\cygwin/http%3a%2f%2fwww.cygwin.cn%2fpub%2f/release/jpeg/libjpeg-devel/libjpeg-devel-6b-12.tar.bz2
2012/09/26 10:29:15 Installing file://Z:\program\cygwin/http%3a%2f%2fwww.cygwin.cn%2fpub%2f/release/jpeg/libjpeg62/libjpeg62-6b-12.tar.bz2
2012/09/26 10:29:15 Installing file://Z:\program\cygwin/http%3a%2f%2fwww.cygwin.cn%2fpub%2f/release/tetex/libkpathsea3/libkpathsea3-2.0.2-15.tar.bz2
2012/09/26 10:29:15 Installing file://Z:\program\cygwin/http%3a%2f%2fwww.cygwin.cn%2fpub%2f/release/tetex/libkpathsea4/libkpathsea4-3.0.0-3.tar.bz2
2012/09/26 10:29:15 Installing file://Z:\program\cygwin/http%3a%2f%2fwww.cygwin.cn%2fpub%2f/release/lcms/liblcms-devel/liblcms-devel-1.17-1.tar.bz2
2012/09/26 10:29:15 Installing file://Z:\program\cygwin/http%3a%2f%2fwww.cygwin.cn%2fpub%2f/release/lcms/liblcms1/liblcms1-1.17-1.tar.bz2
2012/09/26 10:29:15 Installing file://Z:\program\cygwin/http%3a%2f%2fwww.cygwin.cn%2fpub%2f/release/libtool/libltdl3/libltdl3-1.5.27a-1.tar.bz2
2012/09/26 10:29:15 Installing file://Z:\program\cygwin/http%3a%2f%2fwww.cygwin.cn%2fpub%2f/release/libtool/libltdl7/libltdl7-2.2.2-2.tar.bz2
2012/09/26 10:29:15 Installing file://Z:\program\cygwin/http%3a%2f%2fwww.cygwin.cn%2fpub%2f/release/lzma/liblzmadec-devel/liblzmadec-devel-4.32.7-2.tar.bz2
2012/09/26 10:29:15 Installing file://Z:\program\cygwin/http%3a%2f%2fwww.cygwin.cn%2fpub%2f/release/lzma/liblzmadec0/liblzmadec0-4.32.7-2.tar.bz2
2012/09/26 10:29:15 Installing file://Z:\program\cygwin/http%3a%2f%2fwww.cygwin.cn%2fpub%2f/release/liblzo2/liblzo2-devel/liblzo2-devel-2.02-1.tar.bz2
2012/09/26 10:29:15 Installing file://Z:\program\cygwin/http%3a%2f%2fwww.cygwin.cn%2fpub%2f/release/liblzo2/liblzo2_2/liblzo2_2-2.02-1.tar.bz2
2012/09/26 10:29:16 Installing file://Z:\program\cygwin/http%3a%2f%2fwww.cygwin.cn%2fpub%2f/release/ImageMagick/libMagick-devel/libMagick-devel-6.4.0.6-1.tar.bz2
2012/09/26 10:29:17 Installing file://Z:\program\cygwin/http%3a%2f%2fwww.cygwin.cn%2fpub%2f/release/ImageMagick/libMagick10/libMagick10-6.3.0.1-2.tar.bz2
2012/09/26 10:29:19 Installing file://Z:\program\cygwin/http%3a%2f%2fwww.cygwin.cn%2fpub%2f/release/libmcrypt/libmcrypt-devel/libmcrypt-devel-2.5.8-1.tar.bz2
2012/09/26 10:29:20 Installing file://Z:\program\cygwin/http%3a%2f%2fwww.cygwin.cn%2fpub%2f/release/libmcrypt/libmcrypt4/libmcrypt4-2.5.8-1.tar.bz2
2012/09/26 10:29:20 Installing file://Z:\program\cygwin/http%3a%2f%2fwww.cygwin.cn%2fpub%2f/release/ming/libming-devel/libming-devel-0.4.0.beta5-1.tar.bz2
2012/09/26 10:29:21 Installing file://Z:\program\cygwin/http%3a%2f%2fwww.cygwin.cn%2fpub%2f/release/ming/libming0/libming0-0.4.0.beta5-1.tar.bz2
2012/09/26 10:29:21 Installing file://Z:\program\cygwin/http%3a%2f%2fwww.cygwin.cn%2fpub%2f/release/libmng/libmng-devel/libmng-devel-1.0.10-1.tar.bz2
2012/09/26 10:29:21 Installing file://Z:\program\cygwin/http%3a%2f%2fwww.cygwin.cn%2fpub%2f/release/libmng/libmng1/libmng1-1.0.10-1.tar.bz2
2012/09/26 10:29:21 Installing file://Z:\program\cygwin/http%3a%2f%2fwww.cygwin.cn%2fpub%2f/release/mpfr/libmpfr1/libmpfr1-2.3.1-1.tar.bz2
2012/09/26 10:29:21 Installing file://Z:\program\cygwin/http%3a%2f%2fwww.cygwin.cn%2fpub%2f/release/ncurses/libncurses-devel/libncurses-devel-5.5-3.tar.bz2
2012/09/26 10:29:59 Installing file://Z:\program\cygwin/http%3a%2f%2fwww.cygwin.cn%2fpub%2f/release/ncurses/libncurses7/libncurses7-5.3-4.tar.bz2
2012/09/26 10:30:00 Installing file://Z:\program\cygwin/http%3a%2f%2fwww.cygwin.cn%2fpub%2f/release/ncurses/libncurses8/libncurses8-5.5-3.tar.bz2
2012/09/26 10:30:00 Installing file://Z:\program\cygwin/http%3a%2f%2fwww.cygwin.cn%2fpub%2f/release/neon/libneon-devel/libneon-devel-0.28.3-1.tar.bz2
2012/09/26 10:30:06 Installing file://Z:\program\cygwin/http%3a%2f%2fwww.cygwin.cn%2fpub%2f/release/neon/libneon27/libneon27-0.28.3-1.tar.bz2
2012/09/26 10:30:06 Installing file://Z:\program\cygwin/http%3a%2f%2fwww.cygwin.cn%2fpub%2f/release/netpbm/libnetpbm-devel/libnetpbm-devel-10.33-1.tar.bz2
2012/09/26 10:30:07 Installing file://Z:\program\cygwin/http%3a%2f%2fwww.cygwin.cn%2fpub%2f/release/libogg/libogg-devel/libogg-devel-1.1.3-1.tar.bz2
2012/09/26 10:30:07 Installing file://Z:\program\cygwin/http%3a%2f%2fwww.cygwin.cn%2fpub%2f/release/libogg/libogg0/libogg0-1.1.3-1.tar.bz2
2012/09/26 10:30:07 Installing file://Z:\program\cygwin/http%3a%2f%2fwww.cygwin.cn%2fpub%2f/release/opencdk/libopencdk-devel/libopencdk-devel-0.6.6-1.tar.bz2
2012/09/26 10:30:07 Installing file://Z:\program\cygwin/http%3a%2f%2fwww.cygwin.cn%2fpub%2f/release/opencdk/libopencdk10/libopencdk10-0.6.6-1.tar.bz2
2012/09/26 10:30:07 Installing file://Z:\program\cygwin/http%3a%2f%2fwww.cygwin.cn%2fpub%2f/release/opencdk/libopencdk8/libopencdk8-0.5.7-1.tar.bz2
2012/09/26 10:30:07 Installing file://Z:\program\cygwin/http%3a%2f%2fwww.cygwin.cn%2fpub%2f/release/openldap/libopenldap2_3_0/libopenldap2_3_0-2.3.43-1.tar.bz2
2012/09/26 10:30:08 Installing file://Z:\program\cygwin/http%3a%2f%2fwww.cygwin.cn%2fpub%2f/release/pcre/libpcre0/libpcre0-7.8-1.tar.bz2
2012/09/26 10:30:08 Installing file://Z:\program\cygwin/http%3a%2f%2fwww.cygwin.cn%2fpub%2f/release/plotutils/libplot2/libplot2-2.4.1-1.tar.bz2
2012/09/26 10:30:08 Installing file://Z:\program\cygwin/http%3a%2f%2fwww.cygwin.cn%2fpub%2f/release/plotutils/libplotter2/libplotter2-2.4.1-1.tar.bz2
2012/09/26 10:30:08 Installing file://Z:\program\cygwin/http%3a%2f%2fwww.cygwin.cn%2fpub%2f/release/libpng/libpng12/libpng12-1.2.12-1.tar.bz2
2012/09/26 10:30:08 Installing file://Z:\program\cygwin/http%3a%2f%2fwww.cygwin.cn%2fpub%2f/release/libpng/libpng12-devel/libpng12-devel-1.2.12-1.tar.bz2
2012/09/26 10:30:09 Installing file://Z:\program\cygwin/http%3a%2f%2fwww.cygwin.cn%2fpub%2f/release/popt/libpopt0/libpopt0-1.6.4-4.tar.bz2
2012/09/26 10:30:09 Installing file://Z:\program\cygwin/http%3a%2f%2fwww.cygwin.cn%2fpub%2f/release/postgresql/libpq-devel/libpq-devel-8.2.9-1.tar.bz2
2012/09/26 10:30:09 Installing file://Z:\program\cygwin/http%3a%2f%2fwww.cygwin.cn%2fpub%2f/release/postgresql/libpq5/libpq5-8.2.9-1.tar.bz2
2012/09/26 10:30:09 Installing file://Z:\program\cygwin/http%3a%2f%2fwww.cygwin.cn%2fpub%2f/release/pstoedit/libpstoedit0/libpstoedit0-3.45-1.tar.bz2
2012/09/26 10:30:10 Installing file://Z:\program\cygwin/http%3a%2f%2fwww.cygwin.cn%2fpub%2f/release/qhull/libqhull/libqhull-2003.1-1.tar.bz2
2012/09/26 10:30:10 Installing file://Z:\program\cygwin/http%3a%2f%2fwww.cygwin.cn%2fpub%2f/release/qhull/libqhull-devel/libqhull-devel-2003.1-1.tar.bz2
2012/09/26 10:30:10 Installing file://Z:\program\cygwin/http%3a%2f%2fwww.cygwin.cn%2fpub%2f/release/readline/libreadline6/libreadline6-5.2.12-10.tar.bz2
2012/09/26 10:30:10 Installing file://Z:\program\cygwin/http%3a%2f%2fwww.cygwin.cn%2fpub%2f/release/rdiff/librsync-devel/librsync-devel-0.9.7-1.tar.bz2
2012/09/26 10:30:11 Installing file://Z:\program\cygwin/http%3a%2f%2fwww.cygwin.cn%2fpub%2f/release/cyrus-sasl/libsasl2/libsasl2-2.1.19-3.tar.bz2
2012/09/26 10:30:11 Installing file://Z:\program\cygwin/http%3a%2f%2fwww.cygwin.cn%2fpub%2f/release/cyrus-sasl/libsasl2-devel/libsasl2-devel-2.1.19-3.tar.bz2
2012/09/26 10:30:14 Installing file://Z:\program\cygwin/http%3a%2f%2fwww.cygwin.cn%2fpub%2f/release/serf/libserf0-devel/libserf0-devel-0.2.0-1.tar.bz2
2012/09/26 10:30:14 Installing file://Z:\program\cygwin/http%3a%2f%2fwww.cygwin.cn%2fpub%2f/release/serf/libserf0_0/libserf0_0-0.2.0-1.tar.bz2
2012/09/26 10:30:14 Installing file://Z:\program\cygwin/http%3a%2f%2fwww.cygwin.cn%2fpub%2f/release/libsmi/libsmi-devel/libsmi-devel-0.4.8-1.tar.bz2
2012/09/26 10:30:15 Installing file://Z:\program\cygwin/http%3a%2f%2fwww.cygwin.cn%2fpub%2f/release/libsmi/libsmi2/libsmi2-0.4.8-1.tar.bz2
2012/09/26 10:30:15 Installing file://Z:\program\cygwin/http%3a%2f%2fwww.cygwin.cn%2fpub%2f/release/speex/libspeex1/libspeex1-1.2rc1-1.tar.bz2
2012/09/26 10:30:15 Installing file://Z:\program\cygwin/http%3a%2f%2fwww.cygwin.cn%2fpub%2f/release/sqlite3/libsqlite3_0/libsqlite3_0-3.6.2-1.tar.bz2
2012/09/26 10:30:16 Installing file://Z:\program\cygwin/http%3a%2f%2fwww.cygwin.cn%2fpub%2f/release/libssh2/libssh2-devel/libssh2-devel-0.15-1.tar.bz2
2012/09/26 10:30:16 Installing file://Z:\program\cygwin/http%3a%2f%2fwww.cygwin.cn%2fpub%2f/release/libssh2/libssh2_1/libssh2_1-0.15-1.tar.bz2
2012/09/26 10:30:16 Installing file://Z:\program\cygwin/http%3a%2f%2fwww.cygwin.cn%2fpub%2f/release/SuiteSparse/libSuiteSparse-devel/libSuiteSparse-devel-3.1.0-1.tar.bz2
2012/09/26 10:30:17 Installing file://Z:\program\cygwin/http%3a%2f%2fwww.cygwin.cn%2fpub%2f/release/libtasn1/libtasn1-devel/libtasn1-devel-1.4-1.tar.bz2
2012/09/26 10:30:19 Installing file://Z:\program\cygwin/http%3a%2f%2fwww.cygwin.cn%2fpub%2f/release/libtasn1/libtasn1_3/libtasn1_3-1.4-1.tar.bz2
2012/09/26 10:30:19 Installing file://Z:\program\cygwin/http%3a%2f%2fwww.cygwin.cn%2fpub%2f/release/libtextcat/libtextcat-2.2-2.tar.bz2
2012/09/26 10:30:20 Installing file://Z:\program\cygwin/http%3a%2f%2fwww.cygwin.cn%2fpub%2f/release/libtextcat/libtextcat-devel/libtextcat-devel-2.2-2.tar.bz2
2012/09/26 10:30:21 Installing file://Z:\program\cygwin/http%3a%2f%2fwww.cygwin.cn%2fpub%2f/release/libtextcat/libtextcat0/libtextcat0-2.2-2.tar.bz2
2012/09/26 10:30:21 Installing file://Z:\program\cygwin/http%3a%2f%2fwww.cygwin.cn%2fpub%2f/release/tiff/libtiff-devel/libtiff-devel-3.8.2-3.tar.bz2
2012/09/26 10:30:21 Installing file://Z:\program\cygwin/http%3a%2f%2fwww.cygwin.cn%2fpub%2f/release/tiff/libtiff4/libtiff4-3.6.0-5.tar.bz2
2012/09/26 10:30:21 Installing file://Z:\program\cygwin/http%3a%2f%2fwww.cygwin.cn%2fpub%2f/release/tiff/libtiff5/libtiff5-3.8.2-3.tar.bz2
2012/09/26 10:30:21 Installing file://Z:\program\cygwin/http%3a%2f%2fwww.cygwin.cn%2fpub%2f/release/libtool/libtool-1.5.27a-1.tar.bz2
2012/09/26 10:30:22 Installing file://Z:\program\cygwin/http%3a%2f%2fwww.cygwin.cn%2fpub%2f/release/libungif/libungif-4.1.4-1.tar.bz2
2012/09/26 10:30:23 Installing file://Z:\program\cygwin/http%3a%2f%2fwww.cygwin.cn%2fpub%2f/release/libungif/libungif4/libungif4-4.1.4-1.tar.bz2
2012/09/26 10:30:23 Installing file://Z:\program\cygwin/http%3a%2f%2fwww.cygwin.cn%2fpub%2f/release/libusb-win32/libusb-win32-0.1.12.1-2.tar.bz2
2012/09/26 10:30:23 Installing file://Z:\program\cygwin/http%3a%2f%2fwww.cygwin.cn%2fpub%2f/release/libvorbis/libvorbis-devel/libvorbis-devel-1.2.0-2.tar.bz2
2012/09/26 10:30:24 Installing file://Z:\program\cygwin/http%3a%2f%2fwww.cygwin.cn%2fpub%2f/release/libvorbis/libvorbis0/libvorbis0-1.2.0-2.tar.bz2
2012/09/26 10:30:24 Installing file://Z:\program\cygwin/http%3a%2f%2fwww.cygwin.cn%2fpub%2f/release/libvorbis/libvorbisenc2/libvorbisenc2-1.2.0-2.tar.bz2
2012/09/26 10:30:24 Installing file://Z:\program\cygwin/http%3a%2f%2fwww.cygwin.cn%2fpub%2f/release/libvorbis/libvorbisfile3/libvorbisfile3-1.2.0-2.tar.bz2
2012/09/26 10:30:24 Installing file://Z:\program\cygwin/http%3a%2f%2fwww.cygwin.cn%2fpub%2f/release/libwmf/libwmf-devel/libwmf-devel-0.2.8.4-2.tar.bz2
2012/09/26 10:30:25 Installing file://Z:\program\cygwin/http%3a%2f%2fwww.cygwin.cn%2fpub%2f/release/libwmf/libwmf-doc/libwmf-doc-0.2.8.4-2.tar.bz2
2012/09/26 10:30:27 Installing file://Z:\program\cygwin/http%3a%2f%2fwww.cygwin.cn%2fpub%2f/release/libwmf/libwmf027/libwmf027-0.2.8.4-2.tar.bz2
2012/09/26 10:30:27 Installing file://Z:\program\cygwin/http%3a%2f%2fwww.cygwin.cn%2fpub%2f/release/tcp_wrappers/libwrap-devel/libwrap-devel-7.6-4.tar.bz2
2012/09/26 10:30:27 Installing file://Z:\program\cygwin/http%3a%2f%2fwww.cygwin.cn%2fpub%2f/release/tcp_wrappers/libwrap0/libwrap0-7.6-4.tar.bz2
2012/09/26 10:30:27 Installing file://Z:\program\cygwin/http%3a%2f%2fwww.cygwin.cn%2fpub%2f/release/X11/Xaw3d/libXaw3d-devel/libXaw3d-devel-1.5D-7.tar.bz2
2012/09/26 10:30:28 Installing file://Z:\program\cygwin/http%3a%2f%2fwww.cygwin.cn%2fpub%2f/release/X11/Xaw3d/libXaw3d7/libXaw3d7-1.5D-7.tar.bz2
2012/09/26 10:30:28 Installing file://Z:\program\cygwin/http%3a%2f%2fwww.cygwin.cn%2fpub%2f/release/xdelta/libxdelta2/libxdelta2-1.1.4-1.tar.bz2
2012/09/26 10:30:28 Installing file://Z:\program\cygwin/http%3a%2f%2fwww.cygwin.cn%2fpub%2f/release/xerces-c/libxerces-c-devel/libxerces-c-devel-2.8.0-5.tar.bz2
2012/09/26 10:30:32 Installing file://Z:\program\cygwin/http%3a%2f%2fwww.cygwin.cn%2fpub%2f/release/xerces-c/libxerces-c28/libxerces-c28-2.8.0-5.tar.bz2
2012/09/26 10:30:33 Installing file://Z:\program\cygwin/http%3a%2f%2fwww.cygwin.cn%2fpub%2f/release/X11/libXft/libXft-2.1.7-2.tar.bz2
2012/09/26 10:30:33 Installing file://Z:\program\cygwin/http%3a%2f%2fwww.cygwin.cn%2fpub%2f/release/X11/libXft/libXft-devel/libXft-devel-2.1.7-2.tar.bz2
2012/09/26 10:30:33 Installing file://Z:\program\cygwin/http%3a%2f%2fwww.cygwin.cn%2fpub%2f/release/X11/libXft/libXft1/libXft1-1.0.0-1.tar.bz2
2012/09/26 10:30:33 Installing file://Z:\program\cygwin/http%3a%2f%2fwww.cygwin.cn%2fpub%2f/release/X11/libXft/libXft2/libXft2-2.1.7-2.tar.bz2
2012/09/26 10:30:33 Installing file://Z:\program\cygwin/http%3a%2f%2fwww.cygwin.cn%2fpub%2f/release/plotutils/libxmi0/libxmi0-2.4.1-1.tar.bz2
2012/09/26 10:30:33 Installing file://Z:\program\cygwin/http%3a%2f%2fwww.cygwin.cn%2fpub%2f/release/libxml2/libxml2-2.6.32-2.tar.bz2
2012/09/26 10:30:33 Installing file://Z:\program\cygwin/http%3a%2f%2fwww.cygwin.cn%2fpub%2f/release/libxml2/libxml2-devel/libxml2-devel-2.6.32-2.tar.bz2
2012/09/26 10:30:34 Installing file://Z:\program\cygwin/http%3a%2f%2fwww.cygwin.cn%2fpub%2f/release/libxslt/libxslt-1.1.24-2.tar.bz2
2012/09/26 10:30:35 Installing file://Z:\program\cygwin/http%3a%2f%2fwww.cygwin.cn%2fpub%2f/release/login/login-1.9-8.tar.bz2
2012/09/26 10:30:35 Installing file://Z:\program\cygwin/http%3a%2f%2fwww.cygwin.cn%2fpub%2f/release/lzma/lzma-4.32.7-2.tar.bz2
2012/09/26 10:30:36 Installing file://Z:\program\cygwin/http%3a%2f%2fwww.cygwin.cn%2fpub%2f/release/m4/m4-1.4.10b-2.tar.bz2
2012/09/26 10:30:36 Installing file://Z:\program\cygwin/http%3a%2f%2fwww.cygwin.cn%2fpub%2f/release/make/make-3.81-2.tar.bz2
2012/09/26 10:30:38 Installing file://Z:\program\cygwin/http%3a%2f%2fwww.cygwin.cn%2fpub%2f/release/man/man-1.6e-1.tar.bz2
2012/09/26 10:30:39 Installing file://Z:\program\cygwin/http%3a%2f%2fwww.cygwin.cn%2fpub%2f/release/mercurial/mercurial-1.0.2-1.tar.bz2
2012/09/26 10:30:42 Installing file://Z:\program\cygwin/http%3a%2f%2fwww.cygwin.cn%2fpub%2f/release/mingw-runtime/mingw-runtime-3.15.1-1.tar.bz2
2012/09/26 10:30:44 Installing file://Z:\program\cygwin/http%3a%2f%2fwww.cygwin.cn%2fpub%2f/release/minires/minires-1.01-1.tar.bz2
2012/09/26 10:30:44 Installing file://Z:\program\cygwin/http%3a%2f%2fwww.cygwin.cn%2fpub%2f/release/minires/minires-devel/minires-devel-1.01-1.tar.bz2
2012/09/26 10:30:44 Installing file://Z:\program\cygwin/http%3a%2f%2fwww.cygwin.cn%2fpub%2f/release/_obsolete/mktemp/mktemp-1.5-4.tar.bz2
2012/09/26 10:30:44 Installing file://Z:\program\cygwin/http%3a%2f%2fwww.cygwin.cn%2fpub%2f/release/mlcscope/mlcscope-14.1.8-2.tar.bz2
2012/09/26 10:30:44 Installing file://Z:\program\cygwin/http%3a%2f%2fwww.cygwin.cn%2fpub%2f/release/monotone/monotone-0.40-1.tar.bz2
2012/09/26 10:30:46 Installing file://Z:\program\cygwin/http%3a%2f%2fwww.cygwin.cn%2fpub%2f/release/mtd/mtd-20050419-1.tar.bz2
2012/09/26 10:30:46 Installing file://Z:\program\cygwin/http%3a%2f%2fwww.cygwin.cn%2fpub%2f/release/nasm/nasm-2.02-1.tar.bz2
2012/09/26 10:30:47 Installing file://Z:\program\cygwin/http%3a%2f%2fwww.cygwin.cn%2fpub%2f/release/ocaml/ocaml-3.08.1-1.tar.bz2
2012/09/26 10:31:05 Installing file://Z:\program\cygwin/http%3a%2f%2fwww.cygwin.cn%2fpub%2f/release/openjade/openjade-1.3.3-1.tar.bz2
2012/09/26 10:31:07 Installing file://Z:\program\cygwin/http%3a%2f%2fwww.cygwin.cn%2fpub%2f/release/openldap/openldap-devel/openldap-devel-2.3.43-1.tar.bz2
2012/09/26 10:31:20 Installing file://Z:\program\cygwin/http%3a%2f%2fwww.cygwin.cn%2fpub%2f/release/OpenSP/OpenSP-1.5.1-1.tar.bz2
2012/09/26 10:31:22 Installing file://Z:\program\cygwin/http%3a%2f%2fwww.cygwin.cn%2fpub%2f/release/openssl/openssl-0.9.8i-1.tar.bz2
2012/09/26 10:31:24 Installing file://Z:\program\cygwin/http%3a%2f%2fwww.cygwin.cn%2fpub%2f/release/openssl/openssl-devel/openssl-devel-0.9.8i-1.tar.bz2
2012/09/26 10:31:45 Installing file://Z:\program\cygwin/http%3a%2f%2fwww.cygwin.cn%2fpub%2f/release/GNOME/ORBit/ORBit-0.5.17-2.tar.bz2
2012/09/26 10:31:46 Installing file://Z:\program\cygwin/http%3a%2f%2fwww.cygwin.cn%2fpub%2f/release/GNOME/ORBit/ORBit-devel/ORBit-devel-0.5.17-2.tar.bz2
2012/09/26 10:31:47 Installing file://Z:\program\cygwin/http%3a%2f%2fwww.cygwin.cn%2fpub%2f/release/pango/pango-1.8.1-1.tar.bz2
2012/09/26 10:31:47 Installing file://Z:\program\cygwin/http%3a%2f%2fwww.cygwin.cn%2fpub%2f/release/pango/pango-devel/pango-devel-1.8.1-1.tar.bz2
2012/09/26 10:31:47 Installing file://Z:\program\cygwin/http%3a%2f%2fwww.cygwin.cn%2fpub%2f/release/pango/pango-doc/pango-doc-1.8.1-1.tar.bz2
2012/09/26 10:31:48 Installing file://Z:\program\cygwin/http%3a%2f%2fwww.cygwin.cn%2fpub%2f/release/pango/pango-runtime/pango-runtime-1.8.1-1.tar.bz2
2012/09/26 10:31:48 Installing file://Z:\program\cygwin/http%3a%2f%2fwww.cygwin.cn%2fpub%2f/release/patch/patch-2.5.8-9.tar.bz2
2012/09/26 10:31:48 Installing file://Z:\program\cygwin/http%3a%2f%2fwww.cygwin.cn%2fpub%2f/release/patchutils/patchutils-0.2.31-2.tar.bz2
2012/09/26 10:31:49 Installing file://Z:\program\cygwin/http%3a%2f%2fwww.cygwin.cn%2fpub%2f/release/pcre/pcre-7.8-1.tar.bz2
2012/09/26 10:31:50 Installing file://Z:\program\cygwin/http%3a%2f%2fwww.cygwin.cn%2fpub%2f/release/pcre/pcre-devel/pcre-devel-7.8-1.tar.bz2
2012/09/26 10:31:50 Installing file://Z:\program\cygwin/http%3a%2f%2fwww.cygwin.cn%2fpub%2f/release/perl/perl-5.10.0-5.tar.bz2
2012/09/26 10:32:15 Installing file://Z:\program\cygwin/http%3a%2f%2fwww.cygwin.cn%2fpub%2f/release/perl/perl-Error/perl-Error-0.17014-1.tar.bz2
2012/09/26 10:32:15 Installing file://Z:\program\cygwin/http%3a%2f%2fwww.cygwin.cn%2fpub%2f/release/perl/perl-ExtUtils-Depends/perl-ExtUtils-Depends-0.301-1.tar.bz2
2012/09/26 10:32:16 Installing file://Z:\program\cygwin/http%3a%2f%2fwww.cygwin.cn%2fpub%2f/release/perl/perl-ExtUtils-PkgConfig/perl-ExtUtils-PkgConfig-1.11-1.tar.bz2
2012/09/26 10:32:16 Installing file://Z:\program\cygwin/http%3a%2f%2fwww.cygwin.cn%2fpub%2f/release/perl/perl-Locale-gettext/perl-Locale-gettext-1.05-3.tar.bz2
2012/09/26 10:32:16 Installing file://Z:\program\cygwin/http%3a%2f%2fwww.cygwin.cn%2fpub%2f/release/pkg-config/pkg-config-0.23a-2.tar.bz2
2012/09/26 10:32:16 Installing file://Z:\program\cygwin/http%3a%2f%2fwww.cygwin.cn%2fpub%2f/release/pkgconfig/pkgconfig-0.17.2-3.tar.bz2
2012/09/26 10:32:16 Installing file://Z:\program\cygwin/http%3a%2f%2fwww.cygwin.cn%2fpub%2f/release/plotutils/plotutils-devel/plotutils-devel-2.4.1-1.tar.bz2
2012/09/26 10:32:16 Installing file://Z:\program\cygwin/http%3a%2f%2fwww.cygwin.cn%2fpub%2f/release/popt/popt-1.6.4-4.tar.bz2
2012/09/26 10:32:17 Installing file://Z:\program\cygwin/http%3a%2f%2fwww.cygwin.cn%2fpub%2f/release/postgresql/postgresql-devel/postgresql-devel-8.2.9-1.tar.bz2
2012/09/26 10:32:19 Installing file://Z:\program\cygwin/http%3a%2f%2fwww.cygwin.cn%2fpub%2f/release/pstoedit/pstoedit-devel/pstoedit-devel-3.45-1.tar.bz2
2012/09/26 10:32:20 Installing file://Z:\program\cygwin/http%3a%2f%2fwww.cygwin.cn%2fpub%2f/release/python/python-2.5.1-2.tar.bz2
2012/09/26 10:33:39 Installing file://Z:\program\cygwin/http%3a%2f%2fwww.cygwin.cn%2fpub%2f/release/brltty/python-brlapi/python-brlapi-3.10-2.tar.bz2
2012/09/26 10:33:39 Installing file://Z:\program\cygwin/http%3a%2f%2fwww.cygwin.cn%2fpub%2f/release/python/python-pyrex/python-pyrex-0.9.5.1a-3.tar.bz2
2012/09/26 10:33:40 Installing file://Z:\program\cygwin/http%3a%2f%2fwww.cygwin.cn%2fpub%2f/release/X11/qt3/qt3-3.3.4-2.tar.bz2
2012/09/26 10:33:41 Installing file://Z:\program\cygwin/http%3a%2f%2fwww.cygwin.cn%2fpub%2f/release/X11/qt3/qt3-devel/qt3-devel-3.3.4-2.tar.bz2
2012/09/26 10:33:49 Installing file://Z:\program\cygwin/http%3a%2f%2fwww.cygwin.cn%2fpub%2f/release/quilt/quilt-0.46-1.tar.bz2
2012/09/26 10:33:49 Installing file://Z:\program\cygwin/http%3a%2f%2fwww.cygwin.cn%2fpub%2f/release/rats/rats-2.1-1.tar.bz2
2012/09/26 10:33:50 Installing file://Z:\program\cygwin/http%3a%2f%2fwww.cygwin.cn%2fpub%2f/release/rcs/rcs-5.7-4.tar.bz2
2012/09/26 10:33:50 Installing file://Z:\program\cygwin/http%3a%2f%2fwww.cygwin.cn%2fpub%2f/release/readline/readline-5.2.12-10.tar.bz2
2012/09/26 10:33:51 Installing file://Z:\program\cygwin/http%3a%2f%2fwww.cygwin.cn%2fpub%2f/release/rebase/rebase-2.4.4-1.tar.bz2
2012/09/26 10:33:51 Installing file://Z:\program\cygwin/http%3a%2f%2fwww.cygwin.cn%2fpub%2f/release/robodoc/robodoc-4.99.36-1.tar.bz2
2012/09/26 10:33:52 Installing file://Z:\program\cygwin/http%3a%2f%2fwww.cygwin.cn%2fpub%2f/release/rsync/rsync-2.6.9-2.tar.bz2
2012/09/26 10:33:52 Installing file://Z:\program\cygwin/http%3a%2f%2fwww.cygwin.cn%2fpub%2f/release/ruby/ruby-1.8.7-p72-2.tar.bz2
2012/09/26 10:34:53 Installing file://Z:\program\cygwin/http%3a%2f%2fwww.cygwin.cn%2fpub%2f/release/run/run-1.1.10-1.tar.bz2
2012/09/26 10:34:53 Installing file://Z:\program\cygwin/http%3a%2f%2fwww.cygwin.cn%2fpub%2f/release/sed/sed-4.1.5-2.tar.bz2
2012/09/26 10:34:53 Installing file://Z:\program\cygwin/http%3a%2f%2fwww.cygwin.cn%2fpub%2f/release/speex/speex-devel/speex-devel-1.2rc1-1.tar.bz2
2012/09/26 10:34:54 Installing file://Z:\program\cygwin/http%3a%2f%2fwww.cygwin.cn%2fpub%2f/release/splint/splint-3.1.1-2.tar.bz2
2012/09/26 10:34:55 Installing file://Z:\program\cygwin/http%3a%2f%2fwww.cygwin.cn%2fpub%2f/release/git/stgit/stgit-0.13-1.tar.bz2
2012/09/26 10:34:56 Installing file://Z:\program\cygwin/http%3a%2f%2fwww.cygwin.cn%2fpub%2f/release/subversion/subversion-1.5.2-1.tar.bz2
2012/09/26 10:34:57 Installing file://Z:\program\cygwin/http%3a%2f%2fwww.cygwin.cn%2fpub%2f/release/subversion/subversion-apache2/subversion-apache2-1.5.2-1.tar.bz2
2012/09/26 10:34:57 Installing file://Z:\program\cygwin/http%3a%2f%2fwww.cygwin.cn%2fpub%2f/release/subversion/subversion-devel/subversion-devel-1.5.2-1.tar.bz2
2012/09/26 10:34:58 Installing file://Z:\program\cygwin/http%3a%2f%2fwww.cygwin.cn%2fpub%2f/release/subversion/subversion-perl/subversion-perl-1.5.2-1.tar.bz2
2012/09/26 10:34:59 Installing file://Z:\program\cygwin/http%3a%2f%2fwww.cygwin.cn%2fpub%2f/release/subversion/subversion-python/subversion-python-1.5.2-1.tar.bz2
2012/09/26 10:35:00 Installing file://Z:\program\cygwin/http%3a%2f%2fwww.cygwin.cn%2fpub%2f/release/subversion/subversion-ruby/subversion-ruby-1.5.2-1.tar.bz2
2012/09/26 10:35:01 Installing file://Z:\program\cygwin/http%3a%2f%2fwww.cygwin.cn%2fpub%2f/release/SWI-Prolog/SWI-Prolog-5.6.36-1.tar.bz2
2012/09/26 10:35:04 Installing file://Z:\program\cygwin/http%3a%2f%2fwww.cygwin.cn%2fpub%2f/release/swig/swig-1.3.36-1.tar.bz2
2012/09/26 10:35:08 Installing file://Z:\program\cygwin/http%3a%2f%2fwww.cygwin.cn%2fpub%2f/release/t1lib/t1lib-devel/t1lib-devel-5.1.2-1.tar.bz2
2012/09/26 10:35:08 Installing file://Z:\program\cygwin/http%3a%2f%2fwww.cygwin.cn%2fpub%2f/release/t1lib/t1lib5/t1lib5-5.1.2-1.tar.bz2
2012/09/26 10:35:08 Installing file://Z:\program\cygwin/http%3a%2f%2fwww.cygwin.cn%2fpub%2f/release/t1lib/t1libx-devel/t1libx-devel-5.1.2-1.tar.bz2
2012/09/26 10:35:08 Installing file://Z:\program\cygwin/http%3a%2f%2fwww.cygwin.cn%2fpub%2f/release/t1lib/t1libx5/t1libx5-5.1.2-1.tar.bz2
2012/09/26 10:35:08 Installing file://Z:\program\cygwin/http%3a%2f%2fwww.cygwin.cn%2fpub%2f/release/tailor/tailor-0.9.30-1.tar.bz2
2012/09/26 10:35:09 Installing file://Z:\program\cygwin/http%3a%2f%2fwww.cygwin.cn%2fpub%2f/release/tar/tar-1.20-1.tar.bz2
2012/09/26 10:35:10 Installing file://Z:\program\cygwin/http%3a%2f%2fwww.cygwin.cn%2fpub%2f/release/brltty/tcl-brlapi/tcl-brlapi-3.10-2.tar.bz2
2012/09/26 10:35:10 Installing file://Z:\program\cygwin/http%3a%2f%2fwww.cygwin.cn%2fpub%2f/release/tcltk/tcltk-20080420-1.tar.bz2
2012/09/26 10:35:14 Installing file://Z:\program\cygwin/http%3a%2f%2fwww.cygwin.cn%2fpub%2f/release/X11/tcm/tcm-2.20-1.tar.bz2
2012/09/26 10:35:18 Installing file://Z:\program\cygwin/http%3a%2f%2fwww.cygwin.cn%2fpub%2f/release/tcp_wrappers/tcp_wrappers-7.6-4.tar.bz2
2012/09/26 10:35:19 Installing file://Z:\program\cygwin/http%3a%2f%2fwww.cygwin.cn%2fpub%2f/release/termcap/termcap-20050421-1.tar.bz2
2012/09/26 10:35:19 Installing file://Z:\program\cygwin/http%3a%2f%2fwww.cygwin.cn%2fpub%2f/release/terminfo/terminfo-5.5_20061104-1.tar.bz2
2012/09/26 10:35:37 Installing file://Z:\program\cygwin/http%3a%2f%2fwww.cygwin.cn%2fpub%2f/release/tetex/tetex-devel/tetex-devel-3.0.0-3.tar.bz2
2012/09/26 10:35:37 Installing file://Z:\program\cygwin/http%3a%2f%2fwww.cygwin.cn%2fpub%2f/release/texinfo/texinfo-4.8a-1.tar.bz2
2012/09/26 10:35:38 Installing file://Z:\program\cygwin/http%3a%2f%2fwww.cygwin.cn%2fpub%2f/release/tzcode/tzcode-2008a-1.tar.bz2
2012/09/26 10:35:48 Installing file://Z:\program\cygwin/http%3a%2f%2fwww.cygwin.cn%2fpub%2f/release/unifdef/unifdef-1.0+20030701-1.tar.bz2
2012/09/26 10:35:48 Installing file://Z:\program\cygwin/http%3a%2f%2fwww.cygwin.cn%2fpub%2f/release/unzip/unzip-5.52-2.tar.bz2
2012/09/26 10:35:49 Installing file://Z:\program\cygwin/http%3a%2f%2fwww.cygwin.cn%2fpub%2f/release/util-linux/util-linux-2.13.1-2.tar.bz2
2012/09/26 10:35:51 Installing file://Z:\program\cygwin/http%3a%2f%2fwww.cygwin.cn%2fpub%2f/release/uw-imap/uw-imap-2007-2.tar.bz2
2012/09/26 10:35:52 Installing file://Z:\program\cygwin/http%3a%2f%2fwww.cygwin.cn%2fpub%2f/release/w32api/w32api-3.12-1.tar.bz2
2012/09/26 10:35:56 Installing file://Z:\program\cygwin/http%3a%2f%2fwww.cygwin.cn%2fpub%2f/release/wget/wget-1.11.3-1.tar.bz2
2012/09/26 10:35:57 Installing file://Z:\program\cygwin/http%3a%2f%2fwww.cygwin.cn%2fpub%2f/release/which/which-2.19-1.tar.bz2
2012/09/26 10:35:57 Installing file://Z:\program\cygwin/http%3a%2f%2fwww.cygwin.cn%2fpub%2f/release/X11/X-startup-scripts/X-startup-scripts-1.0.11-1.tar.bz2
2012/09/26 10:35:57 Installing file://Z:\program\cygwin/http%3a%2f%2fwww.cygwin.cn%2fpub%2f/release/xdelta/xdelta-1.1.4-1.tar.bz2
2012/09/26 10:35:57 Installing file://Z:\program\cygwin/http%3a%2f%2fwww.cygwin.cn%2fpub%2f/release/xdelta/xdelta-devel/xdelta-devel-1.1.4-1.tar.bz2
2012/09/26 10:35:58 Installing file://Z:\program\cygwin/http%3a%2f%2fwww.cygwin.cn%2fpub%2f/release/X11/xorg-x11-base/xorg-x11-base-6.8.99.901-1.tar.bz2
2012/09/26 10:35:58 Installing file://Z:\program\cygwin/http%3a%2f%2fwww.cygwin.cn%2fpub%2f/release/X11/xorg-x11-bin/xorg-x11-bin-6.8.99.901-1.tar.bz2
2012/09/26 10:35:59 Installing file://Z:\program\cygwin/http%3a%2f%2fwww.cygwin.cn%2fpub%2f/release/X11/xorg-x11-bin-dlls/xorg-x11-bin-dlls-6.8.99.901-1.tar.bz2
2012/09/26 10:36:00 Installing file://Z:\program\cygwin/http%3a%2f%2fwww.cygwin.cn%2fpub%2f/release/X11/xorg-x11-bin-lndir/xorg-x11-bin-lndir-6.8.99.901-1.tar.bz2
2012/09/26 10:36:00 Installing file://Z:\program\cygwin/http%3a%2f%2fwww.cygwin.cn%2fpub%2f/release/X11/xorg-x11-devel/xorg-x11-devel-6.8.99.901-1.tar.bz2
2012/09/26 10:36:05 Installing file://Z:\program\cygwin/http%3a%2f%2fwww.cygwin.cn%2fpub%2f/release/X11/xorg-x11-etc/xorg-x11-etc-6.8.99.901-1.tar.bz2
2012/09/26 10:36:18 Installing file://Z:\program\cygwin/http%3a%2f%2fwww.cygwin.cn%2fpub%2f/release/X11/xorg-x11-fenc/xorg-x11-fenc-6.8.99.901-1.tar.bz2
2012/09/26 10:36:19 Installing file://Z:\program\cygwin/http%3a%2f%2fwww.cygwin.cn%2fpub%2f/release/X11/xorg-x11-fnts/xorg-x11-fnts-6.8.99.901-1.tar.bz2
2012/09/26 10:37:33 Installing file://Z:\program\cygwin/http%3a%2f%2fwww.cygwin.cn%2fpub%2f/release/X11/xorg-x11-libs-data/xorg-x11-libs-data-6.8.99.901-1.tar.bz2
2012/09/26 10:37:34 Installing file://Z:\program\cygwin/http%3a%2f%2fwww.cygwin.cn%2fpub%2f/release/X11/xorg-x11-xwin/xorg-x11-xwin-6.8.99.901-1.tar.bz2
2012/09/26 10:37:35 Installing file://Z:\program\cygwin/http%3a%2f%2fwww.cygwin.cn%2fpub%2f/release/X11/xterm/xterm-229-1.tar.bz2
2012/09/26 10:37:35 Installing file://Z:\program\cygwin/http%3a%2f%2fwww.cygwin.cn%2fpub%2f/release/zlib/zlib-1.2.3-2.tar.bz2
2012/09/26 10:37:35 Installing file://Z:\program\cygwin/http%3a%2f%2fwww.cygwin.cn%2fpub%2f/release/_update-info-dir/_update-info-dir-00759-1.tar.bz2
2012/09/26 10:37:36 Visited: 437 nodes out of 1042.
2012/09/26 10:37:36 Dependency ordered install:
2012/09/26 10:37:36 cygwin
2012/09/26 10:37:36 libiconv2
2012/09/26 10:37:36 libintl8
2012/09/26 10:37:36 crypt
2012/09/26 10:37:36 libintl3
2012/09/26 10:37:36 texinfo
2012/09/26 10:37:36 _update-info-dir
2012/09/26 10:37:36 gawk
2012/09/26 10:37:36 tzcode
2012/09/26 10:37:36 coreutils
2012/09/26 10:37:36 libreadline6
2012/09/26 10:37:36 bash
2012/09/26 10:37:36 terminfo
2012/09/26 10:37:36 libncurses8
2012/09/26 10:37:36 libpcre0
2012/09/26 10:37:36 libbz2_1
2012/09/26 10:37:36 zlib
2012/09/26 10:37:36 pcre
2012/09/26 10:37:36 xorg-x11-bin-lndir
2012/09/26 10:37:36 libexpat0
2012/09/26 10:37:36 libfreetype26
2012/09/26 10:37:36 libexpat1
2012/09/26 10:37:36 libexpat1-devel
2012/09/26 10:37:36 expat
2012/09/26 10:37:36 fontconfig
2012/09/26 10:37:36 libfontconfig1
2012/09/26 10:37:36 libncurses7
2012/09/26 10:37:36 termcap
2012/09/26 10:37:36 gettext
2012/09/26 10:37:36 libintl1
2012/09/26 10:37:36 bzip2
2012/09/26 10:37:36 gzip
2012/09/26 10:37:36 tar
2012/09/26 10:37:36 run
2012/09/26 10:37:36 xterm
2012/09/26 10:37:36 X-startup-scripts
2012/09/26 10:37:36 xorg-x11-xwin
2012/09/26 10:37:36 xorg-x11-fnts
2012/09/26 10:37:36 xorg-x11-fenc
2012/09/26 10:37:36 xorg-x11-libs-data
2012/09/26 10:37:36 xorg-x11-etc
2012/09/26 10:37:36 libXft1
2012/09/26 10:37:36 libXft2
2012/09/26 10:37:36 libXft
2012/09/26 10:37:36 xorg-x11-bin
2012/09/26 10:37:36 xorg-x11-base
2012/09/26 10:37:36 xorg-x11-bin-dlls
2012/09/26 10:37:36 libaa1
2012/09/26 10:37:36 sed
2012/09/26 10:37:36 aalib-devel
2012/09/26 10:37:36 alternatives
2012/09/26 10:37:36 libapr1
2012/09/26 10:37:36 libdb4.2
2012/09/26 10:37:36 libgdbm4
2012/09/26 10:37:36 openssl
2012/09/26 10:37:36 libsasl2
2012/09/26 10:37:36 minires
2012/09/26 10:37:36 libopenldap2_3_0
2012/09/26 10:37:36 libpq5
2012/09/26 10:37:36 libsqlite3_0
2012/09/26 10:37:36 libaprutil1
2012/09/26 10:37:36 apache2
2012/09/26 10:37:36 libapr1-devel
2012/09/26 10:37:36 apr1
2012/09/26 10:37:36 libdb4.2-devel
2012/09/26 10:37:36 libgdbm-devel
2012/09/26 10:37:36 libcharset1
2012/09/26 10:37:36 libiconv
2012/09/26 10:37:36 libaprutil1-devel
2012/09/26 10:37:36 aprutil1
2012/09/26 10:37:36 libxml2
2012/09/26 10:37:36 libgpg-error
2012/09/26 10:37:36 libgcrypt11
2012/09/26 10:37:36 libxslt
2012/09/26 10:37:36 tcltk
2012/09/26 10:37:36 python
2012/09/26 10:37:36 e2fsprogs
2012/09/26 10:37:36 libdb4.5
2012/09/26 10:37:36 perl
2012/09/26 10:37:36 util-linux
2012/09/26 10:37:36 asciidoc
2012/09/26 10:37:36 ash
2012/09/26 10:37:36 astyle
2012/09/26 10:37:36 glib2
2012/09/26 10:37:36 glib2-runtime
2012/09/26 10:37:36 atk
2012/09/26 10:37:36 atk-runtime
2012/09/26 10:37:36 m4
2012/09/26 10:37:36 mktemp
2012/09/26 10:37:36 autoconf2.1
2012/09/26 10:37:36 autoconf2.5
2012/09/26 10:37:36 autoconf
2012/09/26 10:37:36 automake1.4
2012/09/26 10:37:36 automake1.5
2012/09/26 10:37:36 automake1.6
2012/09/26 10:37:36 automake1.7
2012/09/26 10:37:36 automake1.8
2012/09/26 10:37:36 automake1.9
2012/09/26 10:37:36 liblzmadec0
2012/09/26 10:37:36 libintl2
2012/09/26 10:37:36 diffutils
2012/09/26 10:37:36 grep
2012/09/26 10:37:36 less
2012/09/26 10:37:36 lzma
2012/09/26 10:37:36 automake1.10
2012/09/26 10:37:36 automake
2012/09/26 10:37:36 findutils
2012/09/26 10:37:36 base-files
2012/09/26 10:37:36 base-passwd
2012/09/26 10:37:36 bash-completion
2012/09/26 10:37:36 bashdb
2012/09/26 10:37:36 binutils
2012/09/26 10:37:36 bison
2012/09/26 10:37:36 libbz2-devel
2012/09/26 10:37:36 boost-devel
2012/09/26 10:37:36 libboost
2012/09/26 10:37:36 boost
2012/09/26 10:37:36 byacc
2012/09/26 10:37:36 bzr
2012/09/26 10:37:36 openssl-devel
2012/09/26 10:37:36 uw-imap
2012/09/26 10:37:36 c-client
2012/09/26 10:37:36 catgets
2012/09/26 10:37:36 w32api
2012/09/26 10:37:36 mingw-runtime
2012/09/26 10:37:36 gcc-mingw-core
2012/09/26 10:37:36 gcc-core
2012/09/26 10:37:36 gcc-mingw-g++
2012/09/26 10:37:36 gcc-g++
2012/09/26 10:37:36 gcc
2012/09/26 10:37:36 ccache
2012/09/26 10:37:36 ccdoc
2012/09/26 10:37:36 check
2012/09/26 10:37:36 libfcgi0
2012/09/26 10:37:36 clisp
2012/09/26 10:37:36 cmake
2012/09/26 10:37:36 cocom
2012/09/26 10:37:36 codeville
2012/09/26 10:37:36 cpio
2012/09/26 10:37:36 cvsps
2012/09/26 10:37:36 libssh2_1
2012/09/26 10:37:36 libcurl4
2012/09/26 10:37:36 perl-Error
2012/09/26 10:37:36 git
2012/09/26 10:37:36 cogito
2012/09/26 10:37:36 colorgcc
2012/09/26 10:37:36 cppunit
2012/09/26 10:37:36 cramfs
2012/09/26 10:37:36 ctags
2012/09/26 10:37:36 curl
2012/09/26 10:37:36 libssh2-devel
2012/09/26 10:37:36 curl-devel
2012/09/26 10:37:36 cvs
2012/09/26 10:37:36 libneon27
2012/09/26 10:37:36 libserf0_0
2012/09/26 10:37:36 subversion
2012/09/26 10:37:36 cvs2svn
2012/09/26 10:37:36 cvsutils
2012/09/26 10:37:36 file
2012/09/26 10:37:36 libltdl3
2012/09/26 10:37:36 libltdl7
2012/09/26 10:37:36 libtool
2012/09/26 10:37:36 make
2012/09/26 10:37:36 patch
2012/09/26 10:37:36 libpopt0
2012/09/26 10:37:36 rsync
2012/09/26 10:37:36 unzip
2012/09/26 10:37:36 wget
2012/09/26 10:37:36 cygport
2012/09/26 10:37:36 cygutils
2012/09/26 10:37:36 groff
2012/09/26 10:37:36 man
2012/09/26 10:37:36 cygwin-doc
2012/09/26 10:37:36 lesstif
2012/09/26 10:37:36 ddd
2012/09/26 10:37:36 expect
2012/09/26 10:37:36 dejagnu
2012/09/26 10:37:36 diffstat
2012/09/26 10:37:36 popt
2012/09/26 10:37:36 distcc
2012/09/26 10:37:36 dmalloc
2012/09/26 10:37:36 docbook-xml412
2012/09/26 10:37:36 docbook-xsl
2012/09/26 10:37:36 doxygen
2012/09/26 10:37:36 dpatch
2012/09/26 10:37:36 e2fsimage
2012/09/26 10:37:36 editrights
2012/09/26 10:37:36 ELFIO
2012/09/26 10:37:36 eventlog
2012/09/26 10:37:36 libogg0
2012/09/26 10:37:36 libFLAC8
2012/09/26 10:37:36 libFLAC++6
2012/09/26 10:37:36 libogg-devel
2012/09/26 10:37:36 flac-devel
2012/09/26 10:37:36 flex
2012/09/26 10:37:36 libjpeg62
2012/09/26 10:37:36 libpng12
2012/09/26 10:37:36 fltk
2012/09/26 10:37:36 fltk-demos
2012/09/26 10:37:36 fltk-devel
2012/09/26 10:37:36 fltk-doc
2012/09/26 10:37:36 gcc-mingw-ada
2012/09/26 10:37:36 gcc-ada
2012/09/26 10:37:36 gcc-mingw-g77
2012/09/26 10:37:36 gcc-g77
2012/09/26 10:37:36 gcc-mingw-gdc
2012/09/26 10:37:36 gcc-gdc
2012/09/26 10:37:36 gcc-mingw-gpc
2012/09/26 10:37:36 gcc-gpc
2012/09/26 10:37:36 gcc-mingw-java
2012/09/26 10:37:36 gcc-java
2012/09/26 10:37:36 gcc-mingw
2012/09/26 10:37:36 gcc-objc
2012/09/26 10:37:36 gcc-mingw-objc
2012/09/26 10:37:36 gcc-testsuite
2012/09/26 10:37:36 gcc4-runtime
2012/09/26 10:37:36 libgmp3
2012/09/26 10:37:36 libmpfr1
2012/09/26 10:37:36 gcc4-core
2012/09/26 10:37:36 gcc4-g++
2012/09/26 10:37:36 gcc4
2012/09/26 10:37:36 gcc4-ada
2012/09/26 10:37:36 gcc4-fortran
2012/09/26 10:37:36 gcc4-java
2012/09/26 10:37:36 gcc4-objc
2012/09/26 10:37:36 gdb
2012/09/26 10:37:36 libtiff4
2012/09/26 10:37:36 pango-runtime
2012/09/26 10:37:36 pango
2012/09/26 10:37:36 gtk2-x11
2012/09/26 10:37:36 gtk2-x11-runtime
2012/09/26 10:37:36 ghostscript-fonts-other
2012/09/26 10:37:36 ghostscript-fonts-std
2012/09/26 10:37:36 which
2012/09/26 10:37:36 ghostscript-base
2012/09/26 10:37:36 libwmf027
2012/09/26 10:37:36 gdk-pixbuf2-wmf
2012/09/26 10:37:36 libgettextpo0
2012/09/26 10:37:36 gettext-devel
2012/09/26 10:37:36 git-completion
2012/09/26 10:37:36 gitk
2012/09/26 10:37:36 git-gui
2012/09/26 10:37:36 glib
2012/09/26 10:37:36 glib-devel
2012/09/26 10:37:36 glib2-devel
2012/09/26 10:37:36 gmp
2012/09/26 10:37:36 OpenSP
2012/09/26 10:37:36 openjade
2012/09/26 10:37:36 gtk-doc
2012/09/26 10:37:36 intltool
2012/09/26 10:37:36 pkg-config
2012/09/26 10:37:36 gnome-common
2012/09/26 10:37:36 libgcrypt
2012/09/26 10:37:36 liblzo2_2
2012/09/26 10:37:36 libopencdk10
2012/09/26 10:37:36 libtasn1_3
2012/09/26 10:37:36 libgnutls26
2012/09/26 10:37:36 liblzo2-devel
2012/09/26 10:37:36 libopencdk-devel
2012/09/26 10:37:36 libtasn1-devel
2012/09/26 10:37:36 gnutls-devel
2012/09/26 10:37:36 gperf
2012/09/26 10:37:36 gtk+-devel
2012/09/26 10:37:36 gtk2-x11-devel
2012/09/26 10:37:36 gtk2-x11-doc
2012/09/26 10:37:36 libguile12
2012/09/26 10:37:36 libguile17
2012/09/26 10:37:36 guile
2012/09/26 10:37:36 guile-devel
2012/09/26 10:37:36 guilt
2012/09/26 10:37:36 perl-Locale-gettext
2012/09/26 10:37:36 help2man
2012/09/26 10:37:36 libicu38
2012/09/26 10:37:36 icu
2012/09/26 10:37:36 icu-doc
2012/09/26 10:37:36 indent
2012/09/26 10:37:36 ioperm
2012/09/26 10:37:36 libjbig2
2012/09/26 10:37:36 libjbig1
2012/09/26 10:37:36 jbigkit
2012/09/26 10:37:36 jikes
2012/09/26 10:37:36 jlint
2012/09/26 10:37:36 libpng12-devel
2012/09/26 10:37:36 libjpeg-devel
2012/09/26 10:37:36 jpeg
2012/09/26 10:37:36 libglade2
2012/09/26 10:37:36 libart_lgpl2
2012/09/26 10:37:36 libgnomecanvas2
2012/09/26 10:37:36 lablgtk2
2012/09/26 10:37:36 lapack
2012/09/26 10:37:36 libaudiofile0
2012/09/26 10:37:36 libesound0
2012/09/26 10:37:36 libao2
2012/09/26 10:37:36 libao-devel
2012/09/26 10:37:36 libaudiofile-devel
2012/09/26 10:37:36 libjasper1.701_0
2012/09/26 10:37:36 liblcms1
2012/09/26 10:37:36 libtiff5
2012/09/26 10:37:36 libMagick10
2012/09/26 10:37:36 libungif4
2012/09/26 10:37:36 libming0
2012/09/26 10:37:36 libEMF1
2012/09/26 10:37:36 libgd2
2012/09/26 10:37:36 libplotter2
2012/09/26 10:37:36 libpstoedit0
2012/09/26 10:37:36 libautotrace3
2012/09/26 10:37:36 libfreetype2-devel
2012/09/26 10:37:36 libfontconfig-devel
2012/09/26 10:37:36 libfpx1
2012/09/26 10:37:36 libfpx-devel
2012/09/26 10:37:36 libjasper1
2012/09/26 10:37:36 libXft-devel
2012/09/26 10:37:36 xorg-x11-devel
2012/09/26 10:37:36 libjasper-devel
2012/09/26 10:37:36 libjbig-devel
2012/09/26 10:37:36 libtiff-devel
2012/09/26 10:37:36 liblcms-devel
2012/09/26 10:37:36 libwmf-devel
2012/09/26 10:37:36 libxml2-devel
2012/09/26 10:37:36 libMagick-devel
2012/09/26 10:37:36 libungif
2012/09/26 10:37:36 libming-devel
2012/09/26 10:37:36 libEMF-devel
2012/09/26 10:37:36 libgd-devel
2012/09/26 10:37:36 libxmi0
2012/09/26 10:37:36 libplot2
2012/09/26 10:37:36 plotutils-devel
2012/09/26 10:37:36 pstoedit-devel
2012/09/26 10:37:36 libautotrace-devel
2012/09/26 10:37:36 libbrlapi
2012/09/26 10:37:36 libbrlapi-devel
2012/09/26 10:37:36 libecpg-compat2
2012/09/26 10:37:36 libpq-devel
2012/09/26 10:37:36 libecpg-devel
2012/09/26 10:37:36 libesound-devel
2012/09/26 10:37:36 libfcgi-devel
2012/09/26 10:37:36 libgcrypt-devel
2012/09/26 10:37:36 libgii1-devel
2012/09/26 10:37:36 libggi2-devel
2012/09/26 10:37:36 libggimisc2-devel
2012/09/26 10:37:36 libggiwmh0-devel
2012/09/26 10:37:36 libglut3
2012/09/26 10:37:36 libglut-devel
2012/09/26 10:37:36 libGraphicsMagick0
2012/09/26 10:37:36 libGraphicsMagick-devel
2012/09/26 10:37:36 libhdf5_0
2012/09/26 10:37:36 libhdf5-devel
2012/09/26 10:37:36 libicu-devel
2012/09/26 10:37:36 libIDL
2012/09/26 10:37:36 libkpathsea3
2012/09/26 10:37:36 libkpathsea4
2012/09/26 10:37:36 liblzmadec-devel
2012/09/26 10:37:36 libmcrypt4
2012/09/26 10:37:36 libmcrypt-devel
2012/09/26 10:37:36 libmng1
2012/09/26 10:37:36 libmng-devel
2012/09/26 10:37:36 libncurses-devel
2012/09/26 10:37:36 libneon-devel
2012/09/26 10:37:36 libnetpbm-devel
2012/09/26 10:37:36 libopencdk8
2012/09/26 10:37:36 libqhull
2012/09/26 10:37:36 libqhull-devel
2012/09/26 10:37:36 librsync-devel
2012/09/26 10:37:36 libsasl2-devel
2012/09/26 10:37:36 libserf0-devel
2012/09/26 10:37:36 libsmi2
2012/09/26 10:37:36 libsmi-devel
2012/09/26 10:37:36 libspeex1
2012/09/26 10:37:36 libSuiteSparse-devel
2012/09/26 10:37:36 libtextcat0
2012/09/26 10:37:36 libtextcat
2012/09/26 10:37:36 libtextcat-devel
2012/09/26 10:37:36 libusb-win32
2012/09/26 10:37:36 libvorbis0
2012/09/26 10:37:36 libvorbisenc2
2012/09/26 10:37:36 libvorbisfile3
2012/09/26 10:37:36 libvorbis-devel
2012/09/26 10:37:36 libwmf-doc
2012/09/26 10:37:36 libwrap0
2012/09/26 10:37:36 libwrap-devel
2012/09/26 10:37:36 libXaw3d7
2012/09/26 10:37:36 libXaw3d-devel
2012/09/26 10:37:36 libxdelta2
2012/09/26 10:37:36 libxerces-c28
2012/09/26 10:37:36 libxerces-c-devel
2012/09/26 10:37:36 login
2012/09/26 10:37:36 mercurial
2012/09/26 10:37:36 minires-devel
2012/09/26 10:37:36 mlcscope
2012/09/26 10:37:36 monotone
2012/09/26 10:37:36 mtd
2012/09/26 10:37:36 nasm
2012/09/26 10:37:36 ocaml
2012/09/26 10:37:36 openldap-devel
2012/09/26 10:37:36 ORBit
2012/09/26 10:37:36 tcp_wrappers
2012/09/26 10:37:36 ORBit-devel
2012/09/26 10:37:36 pango-devel
2012/09/26 10:37:36 pango-doc
2012/09/26 10:37:36 patchutils
2012/09/26 10:37:36 pcre-devel
2012/09/26 10:37:36 perl-ExtUtils-Depends
2012/09/26 10:37:36 pkgconfig
2012/09/26 10:37:36 perl-ExtUtils-PkgConfig
2012/09/26 10:37:36 postgresql-devel
2012/09/26 10:37:36 python-brlapi
2012/09/26 10:37:36 python-pyrex
2012/09/26 10:37:36 qt3
2012/09/26 10:37:36 qt3-devel
2012/09/26 10:37:36 quilt
2012/09/26 10:37:36 rats
2012/09/26 10:37:36 rcs
2012/09/26 10:37:36 readline
2012/09/26 10:37:36 rebase
2012/09/26 10:37:36 robodoc
2012/09/26 10:37:36 ruby
2012/09/26 10:37:36 speex-devel
2012/09/26 10:37:36 splint
2012/09/26 10:37:36 stgit
2012/09/26 10:37:36 subversion-apache2
2012/09/26 10:37:36 subversion-devel
2012/09/26 10:37:36 subversion-perl
2012/09/26 10:37:36 subversion-python
2012/09/26 10:37:36 subversion-ruby
2012/09/26 10:37:36 SWI-Prolog
2012/09/26 10:37:36 swig
2012/09/26 10:37:36 t1lib5
2012/09/26 10:37:36 t1lib-devel
2012/09/26 10:37:36 t1libx5
2012/09/26 10:37:36 t1libx-devel
2012/09/26 10:37:36 tailor
2012/09/26 10:37:36 tcl-brlapi
2012/09/26 10:37:36 tcm
2012/09/26 10:37:36 tetex-devel
2012/09/26 10:37:36 unifdef
2012/09/26 10:37:36 xdelta
2012/09/26 10:37:36 xdelta-devel
2012/09/26 10:37:36 running: z:\program\cygwin\bin\bash.exe -c /etc/postinstall/update-info-dir.sh
2012/09/26 10:38:28 running: z:\program\cygwin\bin\bash.exe -c /etc/postinstall/coreutils.sh
2012/09/26 10:38:29 running: z:\program\cygwin\bin\bash.exe -c /etc/postinstall/bash.sh
2012/09/26 10:38:34 running: z:\program\cygwin\bin\bash.exe -c /etc/postinstall/terminfo.sh
2012/09/26 10:38:35 running: z:\program\cygwin\bin\bash.exe -c /etc/postinstall/fontconfig-postinstall.sh
2012/09/26 10:38:36 running: z:\program\cygwin\bin\bash.exe -c /etc/postinstall/gettext.sh
2012/09/26 10:38:37 running: z:\program\cygwin\bin\bash.exe -c /etc/postinstall/bzip2.sh
2012/09/26 10:38:38 running: z:\program\cygwin\bin\bash.exe -c /etc/postinstall/tar.sh
2012/09/26 10:38:41 running: z:\program\cygwin\bin\bash.exe -c /etc/postinstall/xorg-x11-xwin.sh
2012/09/26 10:38:42 running: z:\program\cygwin\bin\bash.exe -c /etc/postinstall/xorg-x11-fnts.sh
2012/09/26 10:39:32 running: z:\program\cygwin\bin\bash.exe -c /etc/postinstall/xorg-x11-fenc.sh
2012/09/26 10:39:39 running: z:\program\cygwin\bin\bash.exe -c /etc/postinstall/xorg-x11-libs-data.sh
2012/09/26 10:39:45 running: z:\program\cygwin\bin\bash.exe -c /etc/postinstall/apache2.sh
2012/09/26 10:39:48 running: z:\program\cygwin\bin\bash.exe -c /etc/postinstall/libdb4.2-devel.sh
2012/09/26 10:39:49 abnormal exit: exit code=126
2012/09/26 10:39:49 running: z:\program\cygwin\bin\bash.exe -c /etc/postinstall/libgdbm-devel.sh
2012/09/26 10:39:50 running: z:\program\cygwin\bin\bash.exe -c /etc/postinstall/e2fsprogs.sh
2012/09/26 10:39:52 running: z:\program\cygwin\bin\bash.exe -c /etc/postinstall/util-linux.sh
2012/09/26 10:39:53 running: z:\program\cygwin\bin\bash.exe -c /etc/postinstall/m4.sh
2012/09/26 10:39:55 running: z:\program\cygwin\bin\bash.exe -c /etc/postinstall/autoconf2.1.sh
2012/09/26 10:39:56 running: z:\program\cygwin\bin\bash.exe -c /etc/postinstall/autoconf2.5.sh
2012/09/26 10:40:03 running: z:\program\cygwin\bin\bash.exe -c /etc/postinstall/autoconf.sh
2012/09/26 10:40:08 running: z:\program\cygwin\bin\bash.exe -c /etc/postinstall/automake1.4.sh
2012/09/26 10:40:09 running: z:\program\cygwin\bin\bash.exe -c /etc/postinstall/automake1.5.sh
2012/09/26 10:40:11 running: z:\program\cygwin\bin\bash.exe -c /etc/postinstall/automake1.6.sh
2012/09/26 10:40:12 running: z:\program\cygwin\bin\bash.exe -c /etc/postinstall/automake1.7.sh
2012/09/26 10:40:13 running: z:\program\cygwin\bin\bash.exe -c /etc/postinstall/automake1.8.sh
2012/09/26 10:40:16 running: z:\program\cygwin\bin\bash.exe -c /etc/postinstall/automake1.9.sh
2012/09/26 10:40:18 running: z:\program\cygwin\bin\bash.exe -c /etc/postinstall/automake1.10.sh
2012/09/26 10:40:21 running: z:\program\cygwin\bin\bash.exe -c /etc/postinstall/automake.sh
2012/09/26 10:40:22 abnormal exit: exit code=126
2012/09/26 10:40:22 running: z:\program\cygwin\bin\bash.exe -c /etc/postinstall/base-files-mketc.sh
2012/09/26 10:40:24 running: z:\program\cygwin\bin\bash.exe -c /etc/postinstall/base-files-profile.sh
2012/09/26 10:40:28 running: z:\program\cygwin\bin\bash.exe -c /etc/postinstall/passwd-grp.sh
2012/09/26 10:40:31 running: z:\program\cygwin\bin\bash.exe -c /etc/postinstall/bashdb.sh
2012/09/26 10:40:32 running: z:\program\cygwin\bin\bash.exe -c /etc/postinstall/gcc-mingw-core.sh
2012/09/26 10:40:34 running: z:\program\cygwin\bin\bash.exe -c /etc/postinstall/gcc-mingw-g++.sh
2012/09/26 10:40:37 running: z:\program\cygwin\bin\bash.exe -c /etc/postinstall/check.sh
2012/09/26 10:40:38 running: z:\program\cygwin\bin\bash.exe -c /etc/postinstall/git.sh
2012/09/26 10:41:08 running: z:\program\cygwin\bin\bash.exe -c /etc/postinstall/colorgcc.sh
2012/09/26 10:41:09 running: z:\program\cygwin\bin\bash.exe -c /etc/postinstall/cvs.sh
2012/09/26 10:41:13 running: z:\program\cygwin\bin\bash.exe -c /etc/postinstall/libtool.sh
2012/09/26 10:41:14 running: z:\program\cygwin\bin\bash.exe -c /etc/postinstall/wget.sh
2012/09/26 10:41:15 running: z:\program\cygwin\bin\bash.exe -c /etc/postinstall/cygport.sh
2012/09/26 10:41:16 running: z:\program\cygwin\bin\bash.exe -c /etc/postinstall/man.sh
2012/09/26 10:41:17 running: z:\program\cygwin\bin\bash.exe -c /etc/postinstall/cygwin-doc.sh
2012/09/26 10:41:26 running: z:\program\cygwin\bin\bash.exe -c /etc/postinstall/docbook-xml412.sh
2012/09/26 10:41:27 running: z:\program\cygwin\bin\bash.exe -c /etc/postinstall/docbook-xsl.sh
2012/09/26 10:41:28 running: z:\program\cygwin\bin\bash.exe -c /etc/postinstall/fltk.sh
2012/09/26 10:41:28 running: z:\program\cygwin\bin\bash.exe -c /etc/postinstall/gcc-mingw-ada.sh
2012/09/26 10:41:41 running: z:\program\cygwin\bin\bash.exe -c /etc/postinstall/gcc-mingw-g77.sh
2012/09/26 10:41:42 running: z:\program\cygwin\bin\bash.exe -c /etc/postinstall/gcc-mingw-gdc.sh
2012/09/26 10:41:43 running: z:\program\cygwin\bin\bash.exe -c /etc/postinstall/gcc-mingw-gpc.sh
2012/09/26 10:41:45 running: z:\program\cygwin\bin\bash.exe -c /etc/postinstall/gcc-mingw-java.sh
2012/09/26 10:41:48 running: z:\program\cygwin\bin\bash.exe -c /etc/postinstall/gcc-mingw-objc.sh
2012/09/26 10:41:50 running: z:\program\cygwin\bin\bash.exe -c /etc/postinstall/gcc4-core.sh
2012/09/26 10:41:55 running: z:\program\cygwin\bin\bash.exe -c /etc/postinstall/gcc4-ada.sh
2012/09/26 10:41:57 abnormal exit: exit code=1
2012/09/26 10:41:57 running: z:\program\cygwin\bin\bash.exe -c /etc/postinstall/gcc4-fortran.sh
2012/09/26 10:41:58 running: z:\program\cygwin\bin\bash.exe -c /etc/postinstall/gcc4-java.sh
2012/09/26 10:42:00 running: z:\program\cygwin\bin\bash.exe -c /etc/postinstall/pango.sh
2012/09/26 10:42:01 running: z:\program\cygwin\bin\bash.exe -c /etc/postinstall/gtk2-x11.sh
2012/09/26 10:42:04 running: z:\program\cygwin\bin\bash.exe -c /etc/postinstall/which.sh
2012/09/26 10:42:05 running: z:\program\cygwin\bin\bash.exe -c /etc/postinstall/libwmf.sh
2012/09/26 10:42:07 running: z:\program\cygwin\bin\bash.exe -c /etc/postinstall/gettext-devel.sh
2012/09/26 10:42:08 running: z:\program\cygwin\bin\bash.exe -c /etc/postinstall/glib-devel.sh
2012/09/26 10:42:09 running: z:\program\cygwin\bin\bash.exe -c /etc/postinstall/gmp.sh
2012/09/26 10:42:12 running: z:\program\cygwin\bin\bash.exe -c /etc/postinstall/gtk-doc.sh
2012/09/26 10:42:13 abnormal exit: exit code=127
2012/09/26 10:42:13 running: z:\program\cygwin\bin\bash.exe -c /etc/postinstall/libgcrypt.sh
2012/09/26 10:42:14 running: z:\program\cygwin\bin\bash.exe -c /etc/postinstall/gtk+-devel.sh
2012/09/26 10:42:20 abnormal exit: exit code=1
2012/09/26 10:42:20 running: z:\program\cygwin\bin\bash.exe -c /etc/postinstall/help2man.sh
2012/09/26 10:42:21 running: z:\program\cygwin\bin\bash.exe -c /etc/postinstall/indent.sh
2012/09/26 10:42:22 running: z:\program\cygwin\bin\bash.exe -c /etc/postinstall/libpng12-devel.sh
2012/09/26 10:42:23 abnormal exit: exit code=126
2012/09/26 10:42:23 running: z:\program\cygwin\bin\bash.exe -c /etc/postinstall/libglade2.sh
2012/09/26 10:42:24 running: z:\program\cygwin\bin\bash.exe -c /etc/postinstall/libXft.sh
2012/09/26 10:45:03 running: z:\program\cygwin\bin\bash.exe -c /etc/postinstall/xorg-x11-devel.sh
2012/09/26 10:45:03 running: z:\program\cygwin\bin\bash.exe -c /etc/postinstall/libIDL.sh
2012/09/26 10:45:04 running: z:\program\cygwin\bin\bash.exe -c /etc/postinstall/libncurses-devel.sh
2012/09/26 10:45:12 running: z:\program\cygwin\bin\bash.exe -c /etc/postinstall/Xaw3d.sh
2012/09/26 10:45:13 running: z:\program\cygwin\bin\bash.exe -c /etc/postinstall/libxerces-c-devel.sh
2012/09/26 10:45:15 running: z:\program\cygwin\bin\bash.exe -c /etc/postinstall/minires-devel.sh
2012/09/26 10:45:16 running: z:\program\cygwin\bin\bash.exe -c /etc/postinstall/monotone.sh
2012/09/26 10:45:19 running: z:\program\cygwin\bin\bash.exe -c /etc/postinstall/nasm.sh
2012/09/26 10:45:21 running: z:\program\cygwin\bin\bash.exe -c /etc/postinstall/tcp_wrappers.sh
2012/09/26 10:45:22 running: z:\program\cygwin\bin\bash.exe -c /etc/postinstall/quilt.sh
2012/09/26 10:45:26 running: z:\program\cygwin\bin\bash.exe -c /etc/postinstall/readline.sh
2012/09/26 10:53:13 note: Installation Complete
2012/09/26 10:53:13 Ending cygwin install
